#
# A fatal error has been detected by the Java Runtime Environment:
#
#  EXCEPTION_ACCESS_VIOLATION (0xc0000005) at pc=0x00007ffa14eb3831, pid=10168, tid=9896
#
# JRE version: OpenJDK Runtime Environment Temurin-17.0.7+7 (17.0.7+7) (build 17.0.7+7)
# Java VM: OpenJDK 64-Bit Server VM Temurin-17.0.7+7 (17.0.7+7, mixed mode, emulated-client, tiered, compressed oops, compressed class ptrs, g1 gc, windows-amd64)
# Problematic frame:
# V  [jvm.dll+0x2f3831]
#
# No core dump will be written. Minidumps are not enabled by default on client versions of Windows
#
# If you would like to submit a bug report, please visit:
#   https://github.com/adoptium/adoptium-support/issues
#

---------------  S U M M A R Y ------------

Command Line: -XX:+HeapDumpOnOutOfMemoryError -Xmx1024m -Dsts.lsp.client=vscode -Dsts.log.file=/dev/null -XX:TieredStopAtLevel=1 -Xlog:jni+resolve=off -Dspring.config.location=file:c:\Users\cust0\.vscode\extensions\vmware.vscode-spring-boot-1.48.0\language-server\BOOT-INF\classes\application.properties org.springframework.ide.vscode.boot.app.BootLanguageServerBootApp

Host: Intel(R) Core(TM) i5-4460  CPU @ 3.20GHz, 4 cores, 7G,  Windows 10 , 64 bit Build 19041 (10.0.19041.3031)
Time: Mon Sep 11 15:26:37 2023  Windows 10 , 64 bit Build 19041 (10.0.19041.3031) elapsed time: 10761.123676 seconds (0d 2h 59m 21s)

---------------  T H R E A D  ---------------

Current thread (0x000001b805bf0e40):  GCTaskThread "GC Thread#0" [stack: 0x0000009654d00000,0x0000009654e00000] [id=9896]

Stack: [0x0000009654d00000,0x0000009654e00000],  sp=0x0000009654dffa50,  free space=1022k
Native frames: (J=compiled Java code, j=interpreted, Vv=VM code, C=native code)
V  [jvm.dll+0x2f3831]
V  [jvm.dll+0x2f711e]
V  [jvm.dll+0x2f77b3]
V  [jvm.dll+0x2f6fdd]
V  [jvm.dll+0x860ffb]
V  [jvm.dll+0x861046]
V  [jvm.dll+0x7e4e7a]
V  [jvm.dll+0x676395]
C  [ucrtbase.dll+0x21bb2]
C  [KERNEL32.DLL+0x17614]
C  [ntdll.dll+0x526f1]


siginfo: EXCEPTION_ACCESS_VIOLATION (0xc0000005), reading address 0xffffffffffffffff


Register to memory mapping:

RIP=0x00007ffa14eb3831 jvm.dll
RAX=0x000001b80cc40000 points into unknown readable memory: 0x0000000000000001 | 01 00 00 00 00 00 00 00
RBX=0x000001b805bf1490 points into unknown readable memory: 0x00007ffa15513808 | 08 38 51 15 fa 7f 00 00
RCX=0x0 is NULL
RDX=0x1fffffffe8020000 is an unknown value
RSP=0x0000009654dffa50 points into unknown readable memory: 0x000001b805bf1490 | 90 14 bf 05 b8 01 00 00
RBP=0x000001b816e0e780 points into unknown readable memory: 0x00007ffa15515928 | 28 59 51 15 fa 7f 00 00
RSI=0x000001b816e0e1d0 points into unknown readable memory: 0x00000096552ff160 | 60 f1 2f 55 96 00 00 00
RDI=0x0000000000100000 is an unknown value
R8 =0x040001b809c44000 is an unknown value
R9 =0x00000000000002dc is an unknown value
R10=0x0000000000000003 is an unknown value
R11=0x0 is NULL
R12=0x00000096552fea20 points into unknown readable memory: 0x0000009600000004 | 04 00 00 00 96 00 00 00
R13=0x00000096552ff390 points into unknown readable memory: 0x00007ffa155155c8 | c8 55 51 15 fa 7f 00 00
R14=0x00000000c328bb20 is pointing into object: [Ljava.util.HashMap$Node; 
{0x00000000c3279b10} - klass: 'java/util/HashMap$Node'[]
 - length: 32768
R15=0x000000000000000c is an unknown value


Registers:
RAX=0x000001b80cc40000, RBX=0x000001b805bf1490, RCX=0x0000000000000000, RDX=0x1fffffffe8020000
RSP=0x0000009654dffa50, RBP=0x000001b816e0e780, RSI=0x000001b816e0e1d0, RDI=0x0000000000100000
R8 =0x040001b809c44000, R9 =0x00000000000002dc, R10=0x0000000000000003, R11=0x0000000000000000
R12=0x00000096552fea20, R13=0x00000096552ff390, R14=0x00000000c328bb20, R15=0x000000000000000c
RIP=0x00007ffa14eb3831, EFLAGS=0x0000000000010206

Top of Stack: (sp=0x0000009654dffa50)
0x0000009654dffa50:   000001b805bf1490 0000000000000010
0x0000009654dffa60:   0000000000000000 000001b800000000
0x0000009654dffa70:   0000000000000000 0000000000000000
0x0000009654dffa80:   00000000c328b538 00007ffa14eb711e
0x0000009654dffa90:   0000000000100000 000001b816e0e1d0
0x0000009654dffaa0:   000001b805bc29d0 000000000000000c
0x0000009654dffab0:   000001b805bc29d0 00000000c3279b10
0x0000009654dffac0:   000001b816e0e1d0 00007ffa14eb77b3
0x0000009654dffad0:   0000000000004000 0000000000004800
0x0000009654dffae0:   00007ffa14bc0000 0000037600000005
0x0000009654dffaf0:   00000000c3279b10 000001b800004000
0x0000009654dffb00:   000001b805bc29d0 0000000000000000
0x0000009654dffb10:   00000000000003d8 000001b805bc2da8
0x0000009654dffb20:   000001b805bc29c0 00000096552fe8c0
0x0000009654dffb30:   000001b816e0e1d0 00007ffa14eb6fdd
0x0000009654dffb40:   00000000c0000000 000001b803a55620 

Instructions: (pc=0x00007ffa14eb3831)
0x00007ffa14eb3731:   00 48 8b 7c 24 30 48 83 c4 20 5b c3 cc cc cc 40
0x00007ffa14eb3741:   57 48 83 ec 20 8b 02 48 8b f9 85 c0 74 3b 8b 0d
0x00007ffa14eb3751:   93 bb 80 00 48 8b 7f 10 48 89 5c 24 30 8b d8 48
0x00007ffa14eb3761:   d3 e3 48 8b cf 48 03 1d 73 bb 80 00 48 8b d3 e8
0x00007ffa14eb3771:   5b 00 00 00 84 c0 74 0c 48 8d 4f 18 48 8b d3 e8
0x00007ffa14eb3781:   ab 06 00 00 48 8b 5c 24 30 48 83 c4 20 5f c3 e9
0x00007ffa14eb3791:   eb 4d 00 00 cc cc cc cc cc cc cc cc cc cc cc e9
0x00007ffa14eb37a1:   5b 51 00 00 cc cc cc cc cc cc cc cc cc cc cc 48
0x00007ffa14eb37b1:   8b 01 48 8b 80 c8 04 00 00 48 8b 80 98 00 00 00
0x00007ffa14eb37c1:   c3 cc cc cc cc cc cc cc cc cc cc cc cc cc cc 48
0x00007ffa14eb37d1:   89 5c 24 08 48 89 74 24 10 57 48 83 ec 30 48 8b
0x00007ffa14eb37e1:   01 48 8b f1 4c 8b c2 48 8b fa 8b 88 18 03 00 00
0x00007ffa14eb37f1:   48 8b 80 08 03 00 00 49 d3 e8 41 80 3c 00 02 74
0x00007ffa14eb3801:   60 48 8b 5e 10 48 8b cb 48 8b 03 ff 10 8b 4b 18
0x00007ffa14eb3811:   48 8b d7 48 2b 53 08 48 8b 43 20 48 c1 ea 03 48
0x00007ffa14eb3821:   d3 ea 48 8b ca 48 c1 e9 06 4c 8d 04 c8 0f b6 ca
0x00007ffa14eb3831:   49 8b 00 80 e1 3f ba 01 00 00 00 48 d3 e2 48 8b
0x00007ffa14eb3841:   c8 48 0b ca 48 3b c8 74 18 66 0f 1f 44 00 00 f0
0x00007ffa14eb3851:   49 0f b1 08 74 1d 48 8b c8 48 0b ca 48 3b c8 75
0x00007ffa14eb3861:   ee 32 c0 48 8b 5c 24 40 48 8b 74 24 48 48 83 c4
0x00007ffa14eb3871:   30 5f c3 4c 8b 07 44 0f b6 0d 10 7d 87 00 49 8b
0x00007ffa14eb3881:   d0 44 8b 15 6f ba 80 00 83 e2 07 80 3d bd 7d 87
0x00007ffa14eb3891:   00 00 4c 8b 1d 56 ba 80 00 74 2e 48 83 fa 05 0f
0x00007ffa14eb38a1:   84 ab 00 00 00 45 84 c9 74 0e 8b 47 08 41 8b ca
0x00007ffa14eb38b1:   48 d3 e0 49 03 c3 eb 04 48 8b 47 08 0f b6 80 b8
0x00007ffa14eb38c1:   00 00 00 24 07 3c 05 74 15 48 83 fa 01 75 0f 48
0x00007ffa14eb38d1:   b8 00 ff ff ff 7f 00 00 00 4c 85 c0 74 72 48 8b
0x00007ffa14eb38e1:   06 48 8b d7 8b 88 18 03 00 00 48 8b 80 08 03 00
0x00007ffa14eb38f1:   00 48 d3 ea 80 3c 02 00 75 56 48 8b 9e a8 05 00
0x00007ffa14eb3901:   00 48 89 7c 24 20 4c 89 44 24 28 48 8b 53 20 48
0x00007ffa14eb3911:   3b 53 08 75 0a 48 8b cb e8 72 a9 f5 ff 33 d2 48
0x00007ffa14eb3921:   8b 43 38 48 8b ca 0f 10 44 24 20 48 03 c9 0f 11 


Stack slot to memory mapping:
stack at sp + 0 slots: 0x000001b805bf1490 points into unknown readable memory: 0x00007ffa15513808 | 08 38 51 15 fa 7f 00 00
stack at sp + 1 slots: 0x0000000000000010 is an unknown value
stack at sp + 2 slots: 0x0 is NULL
stack at sp + 3 slots: 0x000001b800000000 is an unknown value
stack at sp + 4 slots: 0x0 is NULL
stack at sp + 5 slots: 0x0 is NULL
stack at sp + 6 slots: 0x00000000c328b538 is pointing into object: [Ljava.util.HashMap$Node; 
{0x00000000c3279b10} - klass: 'java/util/HashMap$Node'[]
 - length: 32768
stack at sp + 7 slots: 0x00007ffa14eb711e jvm.dll


---------------  P R O C E S S  ---------------

Threads class SMR info:
_java_thread_list=0x000001b8168b9d60, length=24, elements={
0x000001b81010e760, 0x000001b81010f5d0, 0x000001b81015c010, 0x000001b81015ce80,
0x000001b810160850, 0x000001b810161200, 0x000001b810161bb0, 0x000001b81016ea00,
0x000001b8103f4840, 0x000001b8103f4ec0, 0x000001b815327290, 0x000001b810369440,
0x000001b810369910, 0x000001b8102cb020, 0x000001b805bb1fe0, 0x000001b810be5750,
0x000001b8102f6070, 0x000001b815ad0070, 0x000001b815ad2220, 0x000001b815ad26f0,
0x000001b8166a5a90, 0x000001b8166a1730, 0x000001b8166a6430, 0x000001b8166a3db0
}

Java Threads: ( => current thread )
  0x000001b81010e760 JavaThread "Reference Handler" daemon [_thread_blocked, id=11456, stack(0x0000009655300000,0x0000009655400000)]
  0x000001b81010f5d0 JavaThread "Finalizer" daemon [_thread_blocked, id=1196, stack(0x0000009655400000,0x0000009655500000)]
  0x000001b81015c010 JavaThread "Signal Dispatcher" daemon [_thread_blocked, id=6428, stack(0x0000009655500000,0x0000009655600000)]
  0x000001b81015ce80 JavaThread "Attach Listener" daemon [_thread_blocked, id=12856, stack(0x0000009655600000,0x0000009655700000)]
  0x000001b810160850 JavaThread "Service Thread" daemon [_thread_blocked, id=12480, stack(0x0000009655700000,0x0000009655800000)]
  0x000001b810161200 JavaThread "Monitor Deflation Thread" daemon [_thread_blocked, id=12024, stack(0x0000009655800000,0x0000009655900000)]
  0x000001b810161bb0 JavaThread "C1 CompilerThread0" daemon [_thread_blocked, id=14236, stack(0x0000009655900000,0x0000009655a00000)]
  0x000001b81016ea00 JavaThread "Sweeper thread" daemon [_thread_blocked, id=9160, stack(0x0000009655a00000,0x0000009655b00000)]
  0x000001b8103f4840 JavaThread "Notification Thread" daemon [_thread_blocked, id=11476, stack(0x0000009655d00000,0x0000009655e00000)]
  0x000001b8103f4ec0 JavaThread "Common-Cleaner" daemon [_thread_blocked, id=12508, stack(0x0000009655f00000,0x0000009656000000)]
  0x000001b815327290 JavaThread "boundedElastic-evictor-1" daemon [_thread_blocked, id=4304, stack(0x0000009656400000,0x0000009656500000)]
  0x000001b810369440 JavaThread "boundedElastic-evictor-2" daemon [_thread_blocked, id=13900, stack(0x0000009656500000,0x0000009656600000)]
  0x000001b810369910 JavaThread "pool-11-thread-1" [_thread_blocked, id=5064, stack(0x0000009656600000,0x0000009656700000)]
  0x000001b8102cb020 JavaThread "LanguageServerApp-lifecycle" [_thread_blocked, id=2824, stack(0x0000009656700000,0x0000009656800000)]
  0x000001b805bb1fe0 JavaThread "DestroyJavaVM" [_thread_blocked, id=12940, stack(0x0000009654c00000,0x0000009654d00000)]
  0x000001b810be5750 JavaThread "pool-12-thread-1" [_thread_in_native, id=9852, stack(0x0000009656800000,0x0000009656900000)]
  0x000001b8102f6070 JavaThread "Simple-Language-Server main thread" daemon [_thread_blocked, id=7272, stack(0x0000009656900000,0x0000009656a00000)]
  0x000001b815ad0070 JavaThread "parallel-1" daemon [_thread_blocked, id=4548, stack(0x0000009657700000,0x0000009657800000)]
  0x000001b815ad2220 JavaThread "pool-5-thread-1" [_thread_blocked, id=7352, stack(0x0000009657800000,0x0000009657900000)]
  0x000001b815ad26f0 JavaThread "parallel-2" daemon [_thread_blocked, id=3120, stack(0x0000009657900000,0x0000009657a00000)]
  0x000001b8166a5a90 JavaThread "parallel-3" daemon [_thread_blocked, id=9516, stack(0x0000009655b00000,0x0000009655c00000)]
  0x000001b8166a1730 JavaThread "parallel-4" daemon [_thread_blocked, id=10028, stack(0x0000009657100000,0x0000009657200000)]
  0x000001b8166a6430 JavaThread "pool-7-thread-1" [_thread_blocked, id=13684, stack(0x0000009654a00000,0x0000009654b00000)]
  0x000001b8166a3db0 JavaThread "Reconciler-1" daemon [_thread_blocked, id=5748, stack(0x0000009656b00000,0x0000009656c00000)]

Other Threads:
  0x000001b8100e79b0 VMThread "VM Thread" [stack: 0x0000009655200000,0x0000009655300000] [id=1560]
  0x000001b8103fe750 WatcherThread [stack: 0x0000009655e00000,0x0000009655f00000] [id=4436]
=>0x000001b805bf0e40 GCTaskThread "GC Thread#0" [stack: 0x0000009654d00000,0x0000009654e00000] [id=9896]
  0x000001b8109b9370 GCTaskThread "GC Thread#1" [stack: 0x0000009656000000,0x0000009656100000] [id=308]
  0x000001b8105faed0 GCTaskThread "GC Thread#2" [stack: 0x0000009656100000,0x0000009656200000] [id=1988]
  0x000001b810da6d90 GCTaskThread "GC Thread#3" [stack: 0x0000009656200000,0x0000009656300000] [id=13560]
  0x000001b805bf9d80 ConcurrentGCThread "G1 Main Marker" [stack: 0x0000009654e00000,0x0000009654f00000] [id=1848]
  0x000001b805bfaf30 ConcurrentGCThread "G1 Conc#0" [stack: 0x0000009654f00000,0x0000009655000000] [id=13408]
  0x000001b805c70ed0 ConcurrentGCThread "G1 Refine#0" [stack: 0x0000009655000000,0x0000009655100000] [id=7696]
  0x000001b815704c90 ConcurrentGCThread "G1 Refine#1" [stack: 0x0000009656300000,0x0000009656400000] [id=11196]
  0x000001b815b98c50 ConcurrentGCThread "G1 Refine#2" [stack: 0x0000009655c00000,0x0000009655d00000] [id=116]
  0x000001b805c718f0 ConcurrentGCThread "G1 Service" [stack: 0x0000009655100000,0x0000009655200000] [id=12240]

Threads with active compile tasks:

VM state: at safepoint (normal execution)

VM Mutex/Monitor currently owned by a thread:  ([mutex/lock_event])
[0x000001b803a58e70] Threads_lock - owner thread: 0x000001b8100e79b0
[0x000001b805bb0080] Heap_lock - owner thread: 0x000001b810369910

Heap address: 0x00000000c0000000, size: 1024 MB, Compressed Oops mode: 32-bit

CDS archive(s) not mapped
Compressed class space mapped at: 0x0000000100000000-0x0000000140000000, reserved size: 1073741824
Narrow klass base: 0x0000000000000000, Narrow klass shift: 3, Narrow klass range: 0x140000000

GC Precious Log:
 CPUs: 4 total, 4 available
 Memory: 8068M
 Large Page Support: Disabled
 NUMA Support: Disabled
 Compressed Oops: Enabled (32-bit)
 Heap Region Size: 1M
 Heap Min Capacity: 8M
 Heap Initial Capacity: 128M
 Heap Max Capacity: 1G
 Pre-touch: Disabled
 Parallel Workers: 4
 Concurrent Workers: 1
 Concurrent Refinement Workers: 4
 Periodic GC: Disabled

Heap:
 garbage-first heap   total 242688K, used 78390K [0x00000000c0000000, 0x0000000100000000)
  region size 1024K, 1 young (1024K), 0 survivors (0K)
 Metaspace       used 74984K, committed 75584K, reserved 1114112K
  class space    used 10250K, committed 10560K, reserved 1048576K

Heap Regions: E=young(eden), S=young(survivor), O=old, HS=humongous(starts), HC=humongous(continues), CS=collection set, F=free, OA=open archive, CA=closed archive, TAMS=top-at-mark-start (previous, next)
|   0|0x00000000c0000000, 0x00000000c0100000, 0x00000000c0100000|100%| O|  |TAMS 0x00000000c0100000, 0x00000000c0000000| Untracked 
|   1|0x00000000c0100000, 0x00000000c0200000, 0x00000000c0200000|100%| O|  |TAMS 0x00000000c0200000, 0x00000000c0100000| Untracked 
|   2|0x00000000c0200000, 0x00000000c02f8c58, 0x00000000c0300000| 97%| O|  |TAMS 0x00000000c02f8c58, 0x00000000c0200000| Untracked 
|   3|0x00000000c0300000, 0x00000000c0400000, 0x00000000c0400000|100%| O|  |TAMS 0x00000000c0400000, 0x00000000c0300000| Untracked 
|   4|0x00000000c0400000, 0x00000000c0500000, 0x00000000c0500000|100%| O|  |TAMS 0x00000000c0500000, 0x00000000c0400000| Untracked 
|   5|0x00000000c0500000, 0x00000000c0600000, 0x00000000c0600000|100%| O|  |TAMS 0x00000000c0600000, 0x00000000c0500000| Untracked 
|   6|0x00000000c0600000, 0x00000000c0700000, 0x00000000c0700000|100%| O|  |TAMS 0x00000000c0700000, 0x00000000c0600000| Untracked 
|   7|0x00000000c0700000, 0x00000000c07fffe0, 0x00000000c0800000| 99%| O|  |TAMS 0x00000000c07fffe0, 0x00000000c0700000| Untracked 
|   8|0x00000000c0800000, 0x00000000c08fffe8, 0x00000000c0900000| 99%| O|  |TAMS 0x00000000c08fffe8, 0x00000000c0800000| Untracked 
|   9|0x00000000c0900000, 0x00000000c09fffa0, 0x00000000c0a00000| 99%| O|  |TAMS 0x00000000c09fffa0, 0x00000000c0900000| Untracked 
|  10|0x00000000c0a00000, 0x00000000c0affff8, 0x00000000c0b00000| 99%| O|  |TAMS 0x00000000c0affff8, 0x00000000c0a00000| Untracked 
|  11|0x00000000c0b00000, 0x00000000c0c00000, 0x00000000c0c00000|100%| O|  |TAMS 0x00000000c0c00000, 0x00000000c0b00000| Untracked 
|  12|0x00000000c0c00000, 0x00000000c0d00000, 0x00000000c0d00000|100%| O|  |TAMS 0x00000000c0d00000, 0x00000000c0c00000| Untracked 
|  13|0x00000000c0d00000, 0x00000000c0df8c20, 0x00000000c0e00000| 97%| O|  |TAMS 0x00000000c0df8c20, 0x00000000c0d00000| Untracked 
|  14|0x00000000c0e00000, 0x00000000c0effff8, 0x00000000c0f00000| 99%| O|  |TAMS 0x00000000c0effff8, 0x00000000c0e00000| Untracked 
|  15|0x00000000c0f00000, 0x00000000c0ffffe8, 0x00000000c1000000| 99%| O|  |TAMS 0x00000000c0ffffe8, 0x00000000c0f00000| Untracked 
|  16|0x00000000c1000000, 0x00000000c10fffe0, 0x00000000c1100000| 99%| O|  |TAMS 0x00000000c10fffe0, 0x00000000c1000000| Untracked 
|  17|0x00000000c1100000, 0x00000000c11ffff0, 0x00000000c1200000| 99%| O|  |TAMS 0x00000000c11ffff0, 0x00000000c1100000| Untracked 
|  18|0x00000000c1200000, 0x00000000c12ffff0, 0x00000000c1300000| 99%| O|  |TAMS 0x00000000c12ffff0, 0x00000000c1200000| Untracked 
|  19|0x00000000c1300000, 0x00000000c1400000, 0x00000000c1400000|100%| O|  |TAMS 0x00000000c1400000, 0x00000000c1300000| Untracked 
|  20|0x00000000c1400000, 0x00000000c14ffff8, 0x00000000c1500000| 99%| O|  |TAMS 0x00000000c14ffff8, 0x00000000c1400000| Untracked 
|  21|0x00000000c1500000, 0x00000000c15fff40, 0x00000000c1600000| 99%| O|  |TAMS 0x00000000c15fff40, 0x00000000c1500000| Untracked 
|  22|0x00000000c1600000, 0x00000000c16ffff8, 0x00000000c1700000| 99%| O|  |TAMS 0x00000000c16ffff8, 0x00000000c1600000| Untracked 
|  23|0x00000000c1700000, 0x00000000c17ffff0, 0x00000000c1800000| 99%| O|  |TAMS 0x00000000c17ffff0, 0x00000000c1700000| Untracked 
|  24|0x00000000c1800000, 0x00000000c1900000, 0x00000000c1900000|100%| O|  |TAMS 0x00000000c1900000, 0x00000000c1800000| Untracked 
|  25|0x00000000c1900000, 0x00000000c19fffe0, 0x00000000c1a00000| 99%| O|  |TAMS 0x00000000c19fffe0, 0x00000000c1900000| Untracked 
|  26|0x00000000c1a00000, 0x00000000c1affff8, 0x00000000c1b00000| 99%| O|  |TAMS 0x00000000c1affff8, 0x00000000c1a00000| Untracked 
|  27|0x00000000c1b00000, 0x00000000c1bfffb8, 0x00000000c1c00000| 99%| O|  |TAMS 0x00000000c1bfffb8, 0x00000000c1b00000| Untracked 
|  28|0x00000000c1c00000, 0x00000000c1cffff8, 0x00000000c1d00000| 99%| O|  |TAMS 0x00000000c1cffff8, 0x00000000c1c00000| Untracked 
|  29|0x00000000c1d00000, 0x00000000c1dfffc0, 0x00000000c1e00000| 99%| O|  |TAMS 0x00000000c1dfffc0, 0x00000000c1d00000| Untracked 
|  30|0x00000000c1e00000, 0x00000000c1f00000, 0x00000000c1f00000|100%| O|  |TAMS 0x00000000c1f00000, 0x00000000c1e00000| Untracked 
|  31|0x00000000c1f00000, 0x00000000c1fffff8, 0x00000000c2000000| 99%| O|  |TAMS 0x00000000c1fffff8, 0x00000000c1f00000| Untracked 
|  32|0x00000000c2000000, 0x00000000c20fffd8, 0x00000000c2100000| 99%| O|  |TAMS 0x00000000c20fffd8, 0x00000000c2000000| Untracked 
|  33|0x00000000c2100000, 0x00000000c21ff978, 0x00000000c2200000| 99%| O|  |TAMS 0x00000000c21ff978, 0x00000000c2100000| Untracked 
|  34|0x00000000c2200000, 0x00000000c22fff88, 0x00000000c2300000| 99%| O|  |TAMS 0x00000000c22fff88, 0x00000000c2200000| Untracked 
|  35|0x00000000c2300000, 0x00000000c23fffe0, 0x00000000c2400000| 99%| O|  |TAMS 0x00000000c23fffe0, 0x00000000c2300000| Untracked 
|  36|0x00000000c2400000, 0x00000000c24fffd8, 0x00000000c2500000| 99%| O|  |TAMS 0x00000000c24fffd8, 0x00000000c2400000| Untracked 
|  37|0x00000000c2500000, 0x00000000c25ffff0, 0x00000000c2600000| 99%| O|  |TAMS 0x00000000c25ffff0, 0x00000000c2500000| Untracked 
|  38|0x00000000c2600000, 0x00000000c26fffd0, 0x00000000c2700000| 99%| O|  |TAMS 0x00000000c26fffd0, 0x00000000c2600000| Untracked 
|  39|0x00000000c2700000, 0x00000000c27fffc8, 0x00000000c2800000| 99%| O|  |TAMS 0x00000000c27fffc8, 0x00000000c2700000| Untracked 
|  40|0x00000000c2800000, 0x00000000c28fffe0, 0x00000000c2900000| 99%| O|  |TAMS 0x00000000c28fffe0, 0x00000000c2800000| Untracked 
|  41|0x00000000c2900000, 0x00000000c2a00000, 0x00000000c2a00000|100%| O|  |TAMS 0x00000000c2a00000, 0x00000000c2900000| Untracked 
|  42|0x00000000c2a00000, 0x00000000c2affff8, 0x00000000c2b00000| 99%| O|  |TAMS 0x00000000c2affff8, 0x00000000c2a00000| Untracked 
|  43|0x00000000c2b00000, 0x00000000c2bfffd0, 0x00000000c2c00000| 99%| O|  |TAMS 0x00000000c2bfffd0, 0x00000000c2b00000| Untracked 
|  44|0x00000000c2c00000, 0x00000000c2d00000, 0x00000000c2d00000|100%| O|  |TAMS 0x00000000c2d00000, 0x00000000c2c00000| Untracked 
|  45|0x00000000c2d00000, 0x00000000c2dfee08, 0x00000000c2e00000| 99%| O|  |TAMS 0x00000000c2dfee08, 0x00000000c2d00000| Untracked 
|  46|0x00000000c2e00000, 0x00000000c2f00000, 0x00000000c2f00000|100%| O|  |TAMS 0x00000000c2f00000, 0x00000000c2e00000| Untracked 
|  47|0x00000000c2f00000, 0x00000000c2ffffb8, 0x00000000c3000000| 99%| O|  |TAMS 0x00000000c2ffffb8, 0x00000000c2f00000| Untracked 
|  48|0x00000000c3000000, 0x00000000c30fb040, 0x00000000c3100000| 98%| O|  |TAMS 0x00000000c30fb040, 0x00000000c3000000| Untracked 
|  49|0x00000000c3100000, 0x00000000c31fffe8, 0x00000000c3200000| 99%| O|  |TAMS 0x00000000c31fffe8, 0x00000000c3100000| Untracked 
|  50|0x00000000c3200000, 0x00000000c32fffe0, 0x00000000c3300000| 99%| O|  |TAMS 0x00000000c32fffe0, 0x00000000c3200000| Untracked 
|  51|0x00000000c3300000, 0x00000000c33ffff0, 0x00000000c3400000| 99%| O|  |TAMS 0x00000000c33ffff0, 0x00000000c3300000| Untracked 
|  52|0x00000000c3400000, 0x00000000c34ffda8, 0x00000000c3500000| 99%| O|  |TAMS 0x00000000c34ffda8, 0x00000000c3400000| Untracked 
|  53|0x00000000c3500000, 0x00000000c35ffff8, 0x00000000c3600000| 99%| O|  |TAMS 0x00000000c35ffff8, 0x00000000c3500000| Untracked 
|  54|0x00000000c3600000, 0x00000000c3700000, 0x00000000c3700000|100%| O|  |TAMS 0x00000000c3700000, 0x00000000c3600000| Untracked 
|  55|0x00000000c3700000, 0x00000000c37fffc8, 0x00000000c3800000| 99%| O|  |TAMS 0x00000000c37fffc8, 0x00000000c3700000| Untracked 
|  56|0x00000000c3800000, 0x00000000c38ffff0, 0x00000000c3900000| 99%| O|  |TAMS 0x00000000c38ffff0, 0x00000000c3800000| Untracked 
|  57|0x00000000c3900000, 0x00000000c39fffe8, 0x00000000c3a00000| 99%| O|  |TAMS 0x00000000c39fffe8, 0x00000000c3900000| Untracked 
|  58|0x00000000c3a00000, 0x00000000c3affff8, 0x00000000c3b00000| 99%| O|  |TAMS 0x00000000c3affff8, 0x00000000c3a00000| Untracked 
|  59|0x00000000c3b00000, 0x00000000c3bfffe8, 0x00000000c3c00000| 99%| O|  |TAMS 0x00000000c3bfffe8, 0x00000000c3b00000| Untracked 
|  60|0x00000000c3c00000, 0x00000000c3cfffc8, 0x00000000c3d00000| 99%| O|  |TAMS 0x00000000c3cfffc8, 0x00000000c3c00000| Untracked 
|  61|0x00000000c3d00000, 0x00000000c3dfffe0, 0x00000000c3e00000| 99%| O|  |TAMS 0x00000000c3dfffe0, 0x00000000c3d00000| Untracked 
|  62|0x00000000c3e00000, 0x00000000c3efffd0, 0x00000000c3f00000| 99%| O|  |TAMS 0x00000000c3efffd0, 0x00000000c3e00000| Untracked 
|  63|0x00000000c3f00000, 0x00000000c4000000, 0x00000000c4000000|100%| O|  |TAMS 0x00000000c4000000, 0x00000000c3f00000| Untracked 
|  64|0x00000000c4000000, 0x00000000c4100000, 0x00000000c4100000|100%| O|  |TAMS 0x00000000c4100000, 0x00000000c4000000| Untracked 
|  65|0x00000000c4100000, 0x00000000c41ea798, 0x00000000c4200000| 91%| O|  |TAMS 0x00000000c4100000, 0x00000000c4100000| Untracked 
|  66|0x00000000c4200000, 0x00000000c42d8f08, 0x00000000c4300000| 84%| O|  |TAMS 0x00000000c4200000, 0x00000000c4200000| Untracked 
|  67|0x00000000c4300000, 0x00000000c43fffd8, 0x00000000c4400000| 99%| O|  |TAMS 0x00000000c43fffd8, 0x00000000c4300000| Untracked 
|  68|0x00000000c4400000, 0x00000000c44c5520, 0x00000000c4500000| 77%| O|  |TAMS 0x00000000c4400000, 0x00000000c4400000| Untracked 
|  69|0x00000000c4500000, 0x00000000c4500040, 0x00000000c4600000|  0%| O|  |TAMS 0x00000000c4500000, 0x00000000c4500000| Untracked 
|  70|0x00000000c4600000, 0x00000000c4600000, 0x00000000c4700000|  0%| F|  |TAMS 0x00000000c4600000, 0x00000000c4600000| Untracked 
|  71|0x00000000c4700000, 0x00000000c4700000, 0x00000000c4800000|  0%| F|  |TAMS 0x00000000c4700000, 0x00000000c4700000| Untracked 
|  72|0x00000000c4800000, 0x00000000c4800000, 0x00000000c4900000|  0%| F|  |TAMS 0x00000000c4800000, 0x00000000c4800000| Untracked 
|  73|0x00000000c4900000, 0x00000000c4900000, 0x00000000c4a00000|  0%| F|  |TAMS 0x00000000c4900000, 0x00000000c4900000| Untracked 
|  74|0x00000000c4a00000, 0x00000000c4a00000, 0x00000000c4b00000|  0%| F|  |TAMS 0x00000000c4a00000, 0x00000000c4a00000| Untracked 
|  75|0x00000000c4b00000, 0x00000000c4b00000, 0x00000000c4c00000|  0%| F|  |TAMS 0x00000000c4b00000, 0x00000000c4b00000| Untracked 
|  76|0x00000000c4c00000, 0x00000000c4c00000, 0x00000000c4d00000|  0%| F|  |TAMS 0x00000000c4c00000, 0x00000000c4c00000| Untracked 
|  77|0x00000000c4d00000, 0x00000000c4d00000, 0x00000000c4e00000|  0%| F|  |TAMS 0x00000000c4d00000, 0x00000000c4d00000| Untracked 
|  78|0x00000000c4e00000, 0x00000000c4e00000, 0x00000000c4f00000|  0%| F|  |TAMS 0x00000000c4e00000, 0x00000000c4e00000| Untracked 
|  79|0x00000000c4f00000, 0x00000000c4f00000, 0x00000000c5000000|  0%| F|  |TAMS 0x00000000c4f00000, 0x00000000c4f00000| Untracked 
|  80|0x00000000c5000000, 0x00000000c5000000, 0x00000000c5100000|  0%| F|  |TAMS 0x00000000c5000000, 0x00000000c5000000| Untracked 
|  81|0x00000000c5100000, 0x00000000c5100000, 0x00000000c5200000|  0%| F|  |TAMS 0x00000000c5100000, 0x00000000c5100000| Untracked 
|  82|0x00000000c5200000, 0x00000000c5200000, 0x00000000c5300000|  0%| F|  |TAMS 0x00000000c5200000, 0x00000000c5200000| Untracked 
|  83|0x00000000c5300000, 0x00000000c5300000, 0x00000000c5400000|  0%| F|  |TAMS 0x00000000c5300000, 0x00000000c5300000| Untracked 
|  84|0x00000000c5400000, 0x00000000c5400000, 0x00000000c5500000|  0%| F|  |TAMS 0x00000000c5400000, 0x00000000c5400000| Untracked 
|  85|0x00000000c5500000, 0x00000000c5500000, 0x00000000c5600000|  0%| F|  |TAMS 0x00000000c5500000, 0x00000000c5500000| Untracked 
|  86|0x00000000c5600000, 0x00000000c5600000, 0x00000000c5700000|  0%| F|  |TAMS 0x00000000c5600000, 0x00000000c5600000| Untracked 
|  87|0x00000000c5700000, 0x00000000c5700000, 0x00000000c5800000|  0%| F|  |TAMS 0x00000000c5700000, 0x00000000c5700000| Untracked 
|  88|0x00000000c5800000, 0x00000000c5800000, 0x00000000c5900000|  0%| F|  |TAMS 0x00000000c5800000, 0x00000000c5800000| Untracked 
|  89|0x00000000c5900000, 0x00000000c5900000, 0x00000000c5a00000|  0%| F|  |TAMS 0x00000000c5900000, 0x00000000c5900000| Untracked 
|  90|0x00000000c5a00000, 0x00000000c5a00000, 0x00000000c5b00000|  0%| F|  |TAMS 0x00000000c5a00000, 0x00000000c5a00000| Untracked 
|  91|0x00000000c5b00000, 0x00000000c5b00000, 0x00000000c5c00000|  0%| F|  |TAMS 0x00000000c5b00000, 0x00000000c5b00000| Untracked 
|  92|0x00000000c5c00000, 0x00000000c5c00000, 0x00000000c5d00000|  0%| F|  |TAMS 0x00000000c5c00000, 0x00000000c5c00000| Untracked 
|  93|0x00000000c5d00000, 0x00000000c5d00000, 0x00000000c5e00000|  0%| F|  |TAMS 0x00000000c5d00000, 0x00000000c5d00000| Untracked 
|  94|0x00000000c5e00000, 0x00000000c5e00000, 0x00000000c5f00000|  0%| F|  |TAMS 0x00000000c5e00000, 0x00000000c5e00000| Untracked 
|  95|0x00000000c5f00000, 0x00000000c5f00000, 0x00000000c6000000|  0%| F|  |TAMS 0x00000000c5f00000, 0x00000000c5f00000| Untracked 
|  96|0x00000000c6000000, 0x00000000c6000000, 0x00000000c6100000|  0%| F|  |TAMS 0x00000000c6000000, 0x00000000c6000000| Untracked 
|  97|0x00000000c6100000, 0x00000000c6100000, 0x00000000c6200000|  0%| F|  |TAMS 0x00000000c6100000, 0x00000000c6100000| Untracked 
|  98|0x00000000c6200000, 0x00000000c6200000, 0x00000000c6300000|  0%| F|  |TAMS 0x00000000c6200000, 0x00000000c6200000| Untracked 
|  99|0x00000000c6300000, 0x00000000c6300000, 0x00000000c6400000|  0%| F|  |TAMS 0x00000000c6300000, 0x00000000c6300000| Untracked 
| 100|0x00000000c6400000, 0x00000000c6400000, 0x00000000c6500000|  0%| F|  |TAMS 0x00000000c6400000, 0x00000000c6400000| Untracked 
| 101|0x00000000c6500000, 0x00000000c6500000, 0x00000000c6600000|  0%| F|  |TAMS 0x00000000c6500000, 0x00000000c6500000| Untracked 
| 102|0x00000000c6600000, 0x00000000c6600000, 0x00000000c6700000|  0%| F|  |TAMS 0x00000000c6600000, 0x00000000c6600000| Untracked 
| 103|0x00000000c6700000, 0x00000000c6700000, 0x00000000c6800000|  0%| F|  |TAMS 0x00000000c6700000, 0x00000000c6700000| Untracked 
| 104|0x00000000c6800000, 0x00000000c6800000, 0x00000000c6900000|  0%| F|  |TAMS 0x00000000c6800000, 0x00000000c6800000| Untracked 
| 105|0x00000000c6900000, 0x00000000c6900000, 0x00000000c6a00000|  0%| F|  |TAMS 0x00000000c6900000, 0x00000000c6900000| Untracked 
| 106|0x00000000c6a00000, 0x00000000c6a00000, 0x00000000c6b00000|  0%| F|  |TAMS 0x00000000c6a00000, 0x00000000c6a00000| Untracked 
| 107|0x00000000c6b00000, 0x00000000c6b00000, 0x00000000c6c00000|  0%| F|  |TAMS 0x00000000c6b00000, 0x00000000c6b00000| Untracked 
| 108|0x00000000c6c00000, 0x00000000c6c00000, 0x00000000c6d00000|  0%| F|  |TAMS 0x00000000c6c00000, 0x00000000c6c00000| Untracked 
| 109|0x00000000c6d00000, 0x00000000c6d00000, 0x00000000c6e00000|  0%| F|  |TAMS 0x00000000c6d00000, 0x00000000c6d00000| Untracked 
| 110|0x00000000c6e00000, 0x00000000c6e00000, 0x00000000c6f00000|  0%| F|  |TAMS 0x00000000c6e00000, 0x00000000c6e00000| Untracked 
| 111|0x00000000c6f00000, 0x00000000c6f00000, 0x00000000c7000000|  0%| F|  |TAMS 0x00000000c6f00000, 0x00000000c6f00000| Untracked 
| 112|0x00000000c7000000, 0x00000000c7000000, 0x00000000c7100000|  0%| F|  |TAMS 0x00000000c7000000, 0x00000000c7000000| Untracked 
| 113|0x00000000c7100000, 0x00000000c7100000, 0x00000000c7200000|  0%| F|  |TAMS 0x00000000c7100000, 0x00000000c7100000| Untracked 
| 114|0x00000000c7200000, 0x00000000c7200000, 0x00000000c7300000|  0%| F|  |TAMS 0x00000000c7200000, 0x00000000c7200000| Untracked 
| 115|0x00000000c7300000, 0x00000000c7300000, 0x00000000c7400000|  0%| F|  |TAMS 0x00000000c7300000, 0x00000000c7300000| Untracked 
| 116|0x00000000c7400000, 0x00000000c7400000, 0x00000000c7500000|  0%| F|  |TAMS 0x00000000c7400000, 0x00000000c7400000| Untracked 
| 117|0x00000000c7500000, 0x00000000c7500000, 0x00000000c7600000|  0%| F|  |TAMS 0x00000000c7500000, 0x00000000c7500000| Untracked 
| 118|0x00000000c7600000, 0x00000000c7600000, 0x00000000c7700000|  0%| F|  |TAMS 0x00000000c7600000, 0x00000000c7600000| Untracked 
| 119|0x00000000c7700000, 0x00000000c7700000, 0x00000000c7800000|  0%| F|  |TAMS 0x00000000c7700000, 0x00000000c7700000| Untracked 
| 120|0x00000000c7800000, 0x00000000c7800000, 0x00000000c7900000|  0%| F|  |TAMS 0x00000000c7800000, 0x00000000c7800000| Untracked 
| 121|0x00000000c7900000, 0x00000000c7900000, 0x00000000c7a00000|  0%| F|  |TAMS 0x00000000c7900000, 0x00000000c7900000| Untracked 
| 122|0x00000000c7a00000, 0x00000000c7a00000, 0x00000000c7b00000|  0%| F|  |TAMS 0x00000000c7a00000, 0x00000000c7a00000| Untracked 
| 123|0x00000000c7b00000, 0x00000000c7b00000, 0x00000000c7c00000|  0%| F|  |TAMS 0x00000000c7b00000, 0x00000000c7b00000| Untracked 
| 124|0x00000000c7c00000, 0x00000000c7c00000, 0x00000000c7d00000|  0%| F|  |TAMS 0x00000000c7c00000, 0x00000000c7c00000| Untracked 
| 125|0x00000000c7d00000, 0x00000000c7d00000, 0x00000000c7e00000|  0%| F|  |TAMS 0x00000000c7d00000, 0x00000000c7d00000| Untracked 
| 126|0x00000000c7e00000, 0x00000000c7e00000, 0x00000000c7f00000|  0%| F|  |TAMS 0x00000000c7e00000, 0x00000000c7e00000| Untracked 
| 127|0x00000000c7f00000, 0x00000000c7f00000, 0x00000000c8000000|  0%| F|  |TAMS 0x00000000c7f00000, 0x00000000c7f00000| Untracked 
| 128|0x00000000c8000000, 0x00000000c8000000, 0x00000000c8100000|  0%| F|  |TAMS 0x00000000c8000000, 0x00000000c8000000| Untracked 
| 129|0x00000000c8100000, 0x00000000c8100000, 0x00000000c8200000|  0%| F|  |TAMS 0x00000000c8100000, 0x00000000c8100000| Untracked 
| 130|0x00000000c8200000, 0x00000000c8200000, 0x00000000c8300000|  0%| F|  |TAMS 0x00000000c8200000, 0x00000000c8200000| Untracked 
| 131|0x00000000c8300000, 0x00000000c8300000, 0x00000000c8400000|  0%| F|  |TAMS 0x00000000c8300000, 0x00000000c8300000| Untracked 
| 132|0x00000000c8400000, 0x00000000c8400000, 0x00000000c8500000|  0%| F|  |TAMS 0x00000000c8400000, 0x00000000c8400000| Untracked 
| 133|0x00000000c8500000, 0x00000000c8500000, 0x00000000c8600000|  0%| F|  |TAMS 0x00000000c8500000, 0x00000000c8500000| Untracked 
| 134|0x00000000c8600000, 0x00000000c8600000, 0x00000000c8700000|  0%| F|  |TAMS 0x00000000c8600000, 0x00000000c8600000| Untracked 
| 135|0x00000000c8700000, 0x00000000c8700000, 0x00000000c8800000|  0%| F|  |TAMS 0x00000000c8700000, 0x00000000c8700000| Untracked 
| 136|0x00000000c8800000, 0x00000000c8800000, 0x00000000c8900000|  0%| F|  |TAMS 0x00000000c8800000, 0x00000000c8800000| Untracked 
| 137|0x00000000c8900000, 0x00000000c8900000, 0x00000000c8a00000|  0%| F|  |TAMS 0x00000000c8900000, 0x00000000c8900000| Untracked 
| 138|0x00000000c8a00000, 0x00000000c8a00000, 0x00000000c8b00000|  0%| F|  |TAMS 0x00000000c8a00000, 0x00000000c8a00000| Untracked 
| 139|0x00000000c8b00000, 0x00000000c8b00000, 0x00000000c8c00000|  0%| F|  |TAMS 0x00000000c8b00000, 0x00000000c8b00000| Untracked 
| 140|0x00000000c8c00000, 0x00000000c8c00000, 0x00000000c8d00000|  0%| F|  |TAMS 0x00000000c8c00000, 0x00000000c8c00000| Untracked 
| 141|0x00000000c8d00000, 0x00000000c8d00000, 0x00000000c8e00000|  0%| F|  |TAMS 0x00000000c8d00000, 0x00000000c8d00000| Untracked 
| 142|0x00000000c8e00000, 0x00000000c8e00000, 0x00000000c8f00000|  0%| F|  |TAMS 0x00000000c8e00000, 0x00000000c8e00000| Untracked 
| 143|0x00000000c8f00000, 0x00000000c8f00000, 0x00000000c9000000|  0%| F|  |TAMS 0x00000000c8f00000, 0x00000000c8f00000| Untracked 
| 144|0x00000000c9000000, 0x00000000c9000000, 0x00000000c9100000|  0%| F|  |TAMS 0x00000000c9000000, 0x00000000c9000000| Untracked 
| 145|0x00000000c9100000, 0x00000000c9100000, 0x00000000c9200000|  0%| F|  |TAMS 0x00000000c9100000, 0x00000000c9100000| Untracked 
| 146|0x00000000c9200000, 0x00000000c9200000, 0x00000000c9300000|  0%| F|  |TAMS 0x00000000c9200000, 0x00000000c9200000| Untracked 
| 147|0x00000000c9300000, 0x00000000c9300000, 0x00000000c9400000|  0%| F|  |TAMS 0x00000000c9300000, 0x00000000c9300000| Untracked 
| 148|0x00000000c9400000, 0x00000000c9400000, 0x00000000c9500000|  0%| F|  |TAMS 0x00000000c9400000, 0x00000000c9400000| Untracked 
| 149|0x00000000c9500000, 0x00000000c9500000, 0x00000000c9600000|  0%| F|  |TAMS 0x00000000c9500000, 0x00000000c9500000| Untracked 
| 150|0x00000000c9600000, 0x00000000c9600000, 0x00000000c9700000|  0%| F|  |TAMS 0x00000000c9600000, 0x00000000c9600000| Untracked 
| 151|0x00000000c9700000, 0x00000000c9700000, 0x00000000c9800000|  0%| F|  |TAMS 0x00000000c9700000, 0x00000000c9700000| Untracked 
| 152|0x00000000c9800000, 0x00000000c9900000, 0x00000000c9900000|100%| O|  |TAMS 0x00000000c9900000, 0x00000000c9800000| Untracked 
| 153|0x00000000c9900000, 0x00000000c9900000, 0x00000000c9a00000|  0%| F|  |TAMS 0x00000000c9900000, 0x00000000c9900000| Untracked 
| 154|0x00000000c9a00000, 0x00000000c9a00000, 0x00000000c9b00000|  0%| F|  |TAMS 0x00000000c9a00000, 0x00000000c9a00000| Untracked 
| 155|0x00000000c9b00000, 0x00000000c9b00000, 0x00000000c9c00000|  0%| F|  |TAMS 0x00000000c9b00000, 0x00000000c9b00000| Untracked 
| 156|0x00000000c9c00000, 0x00000000c9c00000, 0x00000000c9d00000|  0%| F|  |TAMS 0x00000000c9c00000, 0x00000000c9c00000| Untracked 
| 157|0x00000000c9d00000, 0x00000000c9d00000, 0x00000000c9e00000|  0%| F|  |TAMS 0x00000000c9d00000, 0x00000000c9d00000| Untracked 
| 158|0x00000000c9e00000, 0x00000000c9e00000, 0x00000000c9f00000|  0%| F|  |TAMS 0x00000000c9e00000, 0x00000000c9e00000| Untracked 
| 159|0x00000000c9f00000, 0x00000000c9f00000, 0x00000000ca000000|  0%| F|  |TAMS 0x00000000c9f00000, 0x00000000c9f00000| Untracked 
| 160|0x00000000ca000000, 0x00000000ca000000, 0x00000000ca100000|  0%| F|  |TAMS 0x00000000ca000000, 0x00000000ca000000| Untracked 
| 161|0x00000000ca100000, 0x00000000ca100000, 0x00000000ca200000|  0%| F|  |TAMS 0x00000000ca100000, 0x00000000ca100000| Untracked 
| 162|0x00000000ca200000, 0x00000000ca200000, 0x00000000ca300000|  0%| F|  |TAMS 0x00000000ca200000, 0x00000000ca200000| Untracked 
| 163|0x00000000ca300000, 0x00000000ca300000, 0x00000000ca400000|  0%| F|  |TAMS 0x00000000ca300000, 0x00000000ca300000| Untracked 
| 164|0x00000000ca400000, 0x00000000ca400000, 0x00000000ca500000|  0%| F|  |TAMS 0x00000000ca400000, 0x00000000ca400000| Untracked 
| 165|0x00000000ca500000, 0x00000000ca500000, 0x00000000ca600000|  0%| F|  |TAMS 0x00000000ca500000, 0x00000000ca500000| Untracked 
| 166|0x00000000ca600000, 0x00000000ca600000, 0x00000000ca700000|  0%| F|  |TAMS 0x00000000ca600000, 0x00000000ca600000| Untracked 
| 167|0x00000000ca700000, 0x00000000ca700000, 0x00000000ca800000|  0%| F|  |TAMS 0x00000000ca700000, 0x00000000ca700000| Untracked 
| 168|0x00000000ca800000, 0x00000000ca800000, 0x00000000ca900000|  0%| F|  |TAMS 0x00000000ca800000, 0x00000000ca800000| Untracked 
| 169|0x00000000ca900000, 0x00000000ca900000, 0x00000000caa00000|  0%| F|  |TAMS 0x00000000ca900000, 0x00000000ca900000| Untracked 
| 170|0x00000000caa00000, 0x00000000caa00000, 0x00000000cab00000|  0%| F|  |TAMS 0x00000000caa00000, 0x00000000caa00000| Untracked 
| 171|0x00000000cab00000, 0x00000000cab00000, 0x00000000cac00000|  0%| F|  |TAMS 0x00000000cab00000, 0x00000000cab00000| Untracked 
| 172|0x00000000cac00000, 0x00000000cac00000, 0x00000000cad00000|  0%| F|  |TAMS 0x00000000cac00000, 0x00000000cac00000| Untracked 
| 173|0x00000000cad00000, 0x00000000cad00000, 0x00000000cae00000|  0%| F|  |TAMS 0x00000000cad00000, 0x00000000cad00000| Untracked 
| 174|0x00000000cae00000, 0x00000000cae00000, 0x00000000caf00000|  0%| F|  |TAMS 0x00000000cae00000, 0x00000000cae00000| Untracked 
| 175|0x00000000caf00000, 0x00000000caf00000, 0x00000000cb000000|  0%| F|  |TAMS 0x00000000caf00000, 0x00000000caf00000| Untracked 
| 176|0x00000000cb000000, 0x00000000cb000000, 0x00000000cb100000|  0%| F|  |TAMS 0x00000000cb000000, 0x00000000cb000000| Untracked 
| 177|0x00000000cb100000, 0x00000000cb100000, 0x00000000cb200000|  0%| F|  |TAMS 0x00000000cb100000, 0x00000000cb100000| Untracked 
| 178|0x00000000cb200000, 0x00000000cb200000, 0x00000000cb300000|  0%| F|  |TAMS 0x00000000cb200000, 0x00000000cb200000| Untracked 
| 179|0x00000000cb300000, 0x00000000cb300000, 0x00000000cb400000|  0%| F|  |TAMS 0x00000000cb300000, 0x00000000cb300000| Untracked 
| 180|0x00000000cb400000, 0x00000000cb400000, 0x00000000cb500000|  0%| F|  |TAMS 0x00000000cb400000, 0x00000000cb400000| Untracked 
| 181|0x00000000cb500000, 0x00000000cb500000, 0x00000000cb600000|  0%| F|  |TAMS 0x00000000cb500000, 0x00000000cb500000| Untracked 
| 182|0x00000000cb600000, 0x00000000cb6ffff0, 0x00000000cb700000| 99%| O|  |TAMS 0x00000000cb6ffff0, 0x00000000cb600000| Untracked 
| 183|0x00000000cb700000, 0x00000000cb700000, 0x00000000cb800000|  0%| F|  |TAMS 0x00000000cb700000, 0x00000000cb700000| Untracked 
| 184|0x00000000cb800000, 0x00000000cb800000, 0x00000000cb900000|  0%| F|  |TAMS 0x00000000cb800000, 0x00000000cb800000| Untracked 
| 185|0x00000000cb900000, 0x00000000cb9ffff8, 0x00000000cba00000| 99%| O|  |TAMS 0x00000000cb9ffff8, 0x00000000cb900000| Untracked 
| 186|0x00000000cba00000, 0x00000000cbb00000, 0x00000000cbb00000|100%|HS|  |TAMS 0x00000000cbb00000, 0x00000000cba00000| Untracked 
| 187|0x00000000cbb00000, 0x00000000cbc00000, 0x00000000cbc00000|100%|HC|  |TAMS 0x00000000cbc00000, 0x00000000cbb00000| Untracked 
| 188|0x00000000cbc00000, 0x00000000cbc00000, 0x00000000cbd00000|  0%| F|  |TAMS 0x00000000cbc00000, 0x00000000cbc00000| Untracked 
| 189|0x00000000cbd00000, 0x00000000cbd00000, 0x00000000cbe00000|  0%| F|  |TAMS 0x00000000cbd00000, 0x00000000cbd00000| Untracked 
| 190|0x00000000cbe00000, 0x00000000cbe00000, 0x00000000cbf00000|  0%| F|  |TAMS 0x00000000cbe00000, 0x00000000cbe00000| Untracked 
| 191|0x00000000cbf00000, 0x00000000cbf00000, 0x00000000cc000000|  0%| F|  |TAMS 0x00000000cbf00000, 0x00000000cbf00000| Untracked 
| 192|0x00000000cc000000, 0x00000000cc000000, 0x00000000cc100000|  0%| F|  |TAMS 0x00000000cc000000, 0x00000000cc000000| Untracked 
| 193|0x00000000cc100000, 0x00000000cc100000, 0x00000000cc200000|  0%| F|  |TAMS 0x00000000cc100000, 0x00000000cc100000| Untracked 
| 194|0x00000000cc200000, 0x00000000cc200000, 0x00000000cc300000|  0%| F|  |TAMS 0x00000000cc200000, 0x00000000cc200000| Untracked 
| 195|0x00000000cc300000, 0x00000000cc300000, 0x00000000cc400000|  0%| F|  |TAMS 0x00000000cc300000, 0x00000000cc300000| Untracked 
| 196|0x00000000cc400000, 0x00000000cc400000, 0x00000000cc500000|  0%| F|  |TAMS 0x00000000cc400000, 0x00000000cc400000| Untracked 
| 197|0x00000000cc500000, 0x00000000cc500000, 0x00000000cc600000|  0%| F|  |TAMS 0x00000000cc500000, 0x00000000cc500000| Untracked 
| 198|0x00000000cc600000, 0x00000000cc600000, 0x00000000cc700000|  0%| F|  |TAMS 0x00000000cc600000, 0x00000000cc600000| Untracked 
| 199|0x00000000cc700000, 0x00000000cc700000, 0x00000000cc800000|  0%| F|  |TAMS 0x00000000cc700000, 0x00000000cc700000| Untracked 
| 200|0x00000000cc800000, 0x00000000cc800000, 0x00000000cc900000|  0%| F|  |TAMS 0x00000000cc800000, 0x00000000cc800000| Untracked 
| 201|0x00000000cc900000, 0x00000000cc900000, 0x00000000cca00000|  0%| F|  |TAMS 0x00000000cc900000, 0x00000000cc900000| Untracked 
| 202|0x00000000cca00000, 0x00000000cca00000, 0x00000000ccb00000|  0%| F|  |TAMS 0x00000000cca00000, 0x00000000cca00000| Untracked 
| 203|0x00000000ccb00000, 0x00000000ccb00000, 0x00000000ccc00000|  0%| F|  |TAMS 0x00000000ccb00000, 0x00000000ccb00000| Untracked 
| 204|0x00000000ccc00000, 0x00000000ccc00000, 0x00000000ccd00000|  0%| F|  |TAMS 0x00000000ccc00000, 0x00000000ccc00000| Untracked 
| 205|0x00000000ccd00000, 0x00000000ccd00000, 0x00000000cce00000|  0%| F|  |TAMS 0x00000000ccd00000, 0x00000000ccd00000| Untracked 
| 206|0x00000000cce00000, 0x00000000cce00000, 0x00000000ccf00000|  0%| F|  |TAMS 0x00000000cce00000, 0x00000000cce00000| Untracked 
| 207|0x00000000ccf00000, 0x00000000ccf00000, 0x00000000cd000000|  0%| F|  |TAMS 0x00000000ccf00000, 0x00000000ccf00000| Untracked 
| 208|0x00000000cd000000, 0x00000000cd000000, 0x00000000cd100000|  0%| F|  |TAMS 0x00000000cd000000, 0x00000000cd000000| Untracked 
| 209|0x00000000cd100000, 0x00000000cd100000, 0x00000000cd200000|  0%| F|  |TAMS 0x00000000cd100000, 0x00000000cd100000| Untracked 
| 210|0x00000000cd200000, 0x00000000cd200000, 0x00000000cd300000|  0%| F|  |TAMS 0x00000000cd200000, 0x00000000cd200000| Untracked 
| 211|0x00000000cd300000, 0x00000000cd300000, 0x00000000cd400000|  0%| F|  |TAMS 0x00000000cd300000, 0x00000000cd300000| Untracked 
| 212|0x00000000cd400000, 0x00000000cd400000, 0x00000000cd500000|  0%| F|  |TAMS 0x00000000cd400000, 0x00000000cd400000| Untracked 
| 213|0x00000000cd500000, 0x00000000cd500000, 0x00000000cd600000|  0%| F|  |TAMS 0x00000000cd500000, 0x00000000cd500000| Untracked 
| 214|0x00000000cd600000, 0x00000000cd600000, 0x00000000cd700000|  0%| F|  |TAMS 0x00000000cd600000, 0x00000000cd600000| Untracked 
| 215|0x00000000cd700000, 0x00000000cd700000, 0x00000000cd800000|  0%| F|  |TAMS 0x00000000cd700000, 0x00000000cd700000| Untracked 
| 216|0x00000000cd800000, 0x00000000cd800000, 0x00000000cd900000|  0%| F|  |TAMS 0x00000000cd800000, 0x00000000cd800000| Untracked 
| 217|0x00000000cd900000, 0x00000000cd900000, 0x00000000cda00000|  0%| F|  |TAMS 0x00000000cd900000, 0x00000000cd900000| Untracked 
| 218|0x00000000cda00000, 0x00000000cda00000, 0x00000000cdb00000|  0%| F|  |TAMS 0x00000000cda00000, 0x00000000cda00000| Untracked 
| 219|0x00000000cdb00000, 0x00000000cdb00000, 0x00000000cdc00000|  0%| F|  |TAMS 0x00000000cdb00000, 0x00000000cdb00000| Untracked 
| 220|0x00000000cdc00000, 0x00000000cdc00000, 0x00000000cdd00000|  0%| F|  |TAMS 0x00000000cdc00000, 0x00000000cdc00000| Untracked 
| 221|0x00000000cdd00000, 0x00000000cdd00000, 0x00000000cde00000|  0%| F|  |TAMS 0x00000000cdd00000, 0x00000000cdd00000| Untracked 
| 222|0x00000000cde00000, 0x00000000cde00000, 0x00000000cdf00000|  0%| F|  |TAMS 0x00000000cde00000, 0x00000000cde00000| Untracked 
| 223|0x00000000cdf00000, 0x00000000cdf00000, 0x00000000ce000000|  0%| F|  |TAMS 0x00000000cdf00000, 0x00000000cdf00000| Untracked 
| 224|0x00000000ce000000, 0x00000000ce100000, 0x00000000ce100000|100%| O|  |TAMS 0x00000000ce100000, 0x00000000ce000000| Untracked 
| 225|0x00000000ce100000, 0x00000000ce100000, 0x00000000ce200000|  0%| F|  |TAMS 0x00000000ce100000, 0x00000000ce100000| Untracked 
| 226|0x00000000ce200000, 0x00000000ce200000, 0x00000000ce300000|  0%| F|  |TAMS 0x00000000ce200000, 0x00000000ce200000| Untracked 
| 227|0x00000000ce300000, 0x00000000ce300000, 0x00000000ce400000|  0%| F|  |TAMS 0x00000000ce300000, 0x00000000ce300000| Untracked 
| 228|0x00000000ce400000, 0x00000000ce400000, 0x00000000ce500000|  0%| F|  |TAMS 0x00000000ce400000, 0x00000000ce400000| Untracked 
| 229|0x00000000ce500000, 0x00000000ce500000, 0x00000000ce600000|  0%| F|  |TAMS 0x00000000ce500000, 0x00000000ce500000| Untracked 
| 230|0x00000000ce600000, 0x00000000ce600000, 0x00000000ce700000|  0%| F|  |TAMS 0x00000000ce600000, 0x00000000ce600000| Untracked 
| 231|0x00000000ce700000, 0x00000000ce700000, 0x00000000ce800000|  0%| F|  |TAMS 0x00000000ce700000, 0x00000000ce700000| Untracked 
| 232|0x00000000ce800000, 0x00000000ce800000, 0x00000000ce900000|  0%| F|  |TAMS 0x00000000ce800000, 0x00000000ce800000| Untracked 
| 233|0x00000000ce900000, 0x00000000ce900000, 0x00000000cea00000|  0%| F|  |TAMS 0x00000000ce900000, 0x00000000ce900000| Untracked 
| 234|0x00000000cea00000, 0x00000000cea1a710, 0x00000000ceb00000| 10%| E|  |TAMS 0x00000000cea00000, 0x00000000cea00000| Complete 
| 248|0x00000000cf800000, 0x00000000cf900000, 0x00000000cf900000|100%| O|  |TAMS 0x00000000cf900000, 0x00000000cf800000| Untracked 
| 249|0x00000000cf900000, 0x00000000cfa00000, 0x00000000cfa00000|100%| O|  |TAMS 0x00000000cfa00000, 0x00000000cf900000| Untracked 

Card table byte_map: [0x000001b80b840000,0x000001b80ba40000] _byte_map_base: 0x000001b80b240000

Marking Bits (Prev, Next): (CMBitMap*) 0x000001b805bf1450, (CMBitMap*) 0x000001b805bf1490
 Prev Bits: [0x000001b80bc40000, 0x000001b80cc40000)
 Next Bits: [0x000001b80cc40000, 0x000001b80dc40000)

Polling page: 0x000001b803ba0000

Metaspace:

Usage:
  Non-class:     63.22 MB used.
      Class:     10.01 MB used.
       Both:     73.23 MB used.

Virtual space:
  Non-class space:       64.00 MB reserved,      63.50 MB (>99%) committed,  1 nodes.
      Class space:        1.00 GB reserved,      10.31 MB (  1%) committed,  1 nodes.
             Both:        1.06 GB reserved,      73.81 MB (  7%) committed. 

Chunk freelists:
   Non-Class:  264.00 KB
       Class:  5.71 MB
        Both:  5.97 MB

MaxMetaspaceSize: unlimited
CompressedClassSpaceSize: 1.00 GB
Initial GC threshold: 21.00 MB
Current GC threshold: 123.06 MB
CDS: off
MetaspaceReclaimPolicy: balanced
 - commit_granule_bytes: 65536.
 - commit_granule_words: 8192.
 - virtual_space_node_default_size: 8388608.
 - enlarge_chunks_in_place: 1.
 - new_chunks_are_fully_committed: 0.
 - uncommit_free_chunks: 1.
 - use_allocation_guard: 0.
 - handle_deallocations: 1.


Internal statistics:

num_allocs_failed_limit: 6.
num_arena_births: 890.
num_arena_deaths: 296.
num_vsnodes_births: 2.
num_vsnodes_deaths: 0.
num_space_committed: 1181.
num_space_uncommitted: 0.
num_chunks_returned_to_freelist: 381.
num_chunks_taken_from_freelist: 3426.
num_chunk_merges: 119.
num_chunk_splits: 2335.
num_chunks_enlarged: 1749.
num_inconsistent_stats: 0.

CodeCache: size=49152Kb used=23978Kb max_used=24389Kb free=25173Kb
 bounds [0x000001b808840000, 0x000001b80a020000, 0x000001b80b840000]
 total_blobs=13710 nmethods=13011 adapters=624
 compilation: enabled
              stopped_count=0, restarted_count=0
 full_count=0

Compilation events (20 events):
Event: 3932.079 Thread 0x000001b810161bb0 13172       1       java.lang.Process::<init> (5 bytes)
Event: 3932.079 Thread 0x000001b810161bb0 nmethod 13172 0x000001b809fc8890 code [0x000001b809fc8a20, 0x000001b809fc8ad8]
Event: 3932.094 Thread 0x000001b810161bb0 13174       1       java.lang.invoke.LambdaForm$DMH/0x0000000100963000::newInvokeSpecial (23 bytes)
Event: 3932.095 Thread 0x000001b810161bb0 nmethod 13174 0x000001b809fc8010 code [0x000001b809fc81c0, 0x000001b809fc8348]
Event: 3932.095 Thread 0x000001b810161bb0 13175       1       java.lang.ProcessImpl$$Lambda$1238/0x0000000100658b68::<init> (10 bytes)
Event: 3932.095 Thread 0x000001b810161bb0 nmethod 13175 0x000001b809fc7d10 code [0x000001b809fc7ea0, 0x000001b809fc7f78]
Event: 3932.095 Thread 0x000001b810161bb0 13177       1       java.lang.ProcessHandleImpl::getInternal (13 bytes)
Event: 3932.096 Thread 0x000001b810161bb0 nmethod 13177 0x000001b809fc7990 code [0x000001b809fc7b20, 0x000001b809fc7c88]
Event: 3932.096 Thread 0x000001b810161bb0 13178       1       java.lang.ProcessImpl$2::<init> (20 bytes)
Event: 3932.096 Thread 0x000001b810161bb0 nmethod 13178 0x000001b809fc7610 code [0x000001b809fc77a0, 0x000001b809fc7918]
Event: 3932.096 Thread 0x000001b810161bb0 13179       1       java.lang.ProcessImpl$2::run (5 bytes)
Event: 3932.096 Thread 0x000001b810161bb0 nmethod 13179 0x000001b809fc7310 code [0x000001b809fc74a0, 0x000001b809fc7588]
Event: 3932.096 Thread 0x000001b810161bb0 13180       1       java.lang.ProcessImpl$2::run (242 bytes)
Event: 3932.099 Thread 0x000001b810161bb0 nmethod 13180 0x000001b809fc5c90 code [0x000001b809fc5f40, 0x000001b809fc6cd8]
Event: 3932.291 Thread 0x000001b810161bb0 13181   !   1       java.io.FilterOutputStream::close (183 bytes)
Event: 3932.336 Thread 0x000001b810161bb0 nmethod 13181 0x000001b809fc4b10 code [0x000001b809fc4d20, 0x000001b809fc51f8]
Event: 3932.337 Thread 0x000001b810161bb0 13183       1       java.lang.ProcessImpl$$Lambda$1238/0x0000000100658b68::run (8 bytes)
Event: 3932.337 Thread 0x000001b810161bb0 nmethod 13183 0x000001b809fc4810 code [0x000001b809fc49a0, 0x000001b809fc4a88]
Event: 3932.337 Thread 0x000001b810161bb0 13184       1       java.lang.ProcessImpl::lambda$new$0 (6 bytes)
Event: 3932.337 Thread 0x000001b810161bb0 nmethod 13184 0x000001b809fc4510 code [0x000001b809fc46a0, 0x000001b809fc4768]

GC Heap History (20 events):
Event: 4754.021 GC heap after
{Heap after GC invocations=494 (full 336):
 garbage-first heap   total 242688K, used 78284K [0x00000000c0000000, 0x0000000100000000)
  region size 1024K, 0 young (0K), 0 survivors (0K)
 Metaspace       used 74984K, committed 75584K, reserved 1114112K
  class space    used 10250K, committed 10560K, reserved 1048576K
}
Event: 4764.218 GC heap before
{Heap before GC invocations=494 (full 336):
 garbage-first heap   total 242688K, used 78284K [0x00000000c0000000, 0x0000000100000000)
  region size 1024K, 1 young (1024K), 0 survivors (0K)
 Metaspace       used 74984K, committed 75584K, reserved 1114112K
  class space    used 10250K, committed 10560K, reserved 1048576K
}
Event: 4764.265 GC heap after
{Heap after GC invocations=495 (full 337):
 garbage-first heap   total 242688K, used 78284K [0x00000000c0000000, 0x0000000100000000)
  region size 1024K, 0 young (0K), 0 survivors (0K)
 Metaspace       used 74984K, committed 75584K, reserved 1114112K
  class space    used 10250K, committed 10560K, reserved 1048576K
}
Event: 4774.494 GC heap before
{Heap before GC invocations=495 (full 337):
 garbage-first heap   total 242688K, used 78284K [0x00000000c0000000, 0x0000000100000000)
  region size 1024K, 1 young (1024K), 0 survivors (0K)
 Metaspace       used 74984K, committed 75584K, reserved 1114112K
  class space    used 10250K, committed 10560K, reserved 1048576K
}
Event: 4774.541 GC heap after
{Heap after GC invocations=496 (full 338):
 garbage-first heap   total 242688K, used 78284K [0x00000000c0000000, 0x0000000100000000)
  region size 1024K, 0 young (0K), 0 survivors (0K)
 Metaspace       used 74984K, committed 75584K, reserved 1114112K
  class space    used 10250K, committed 10560K, reserved 1048576K
}
Event: 4784.760 GC heap before
{Heap before GC invocations=496 (full 338):
 garbage-first heap   total 242688K, used 78284K [0x00000000c0000000, 0x0000000100000000)
  region size 1024K, 1 young (1024K), 0 survivors (0K)
 Metaspace       used 74984K, committed 75584K, reserved 1114112K
  class space    used 10250K, committed 10560K, reserved 1048576K
}
Event: 4784.809 GC heap after
{Heap after GC invocations=497 (full 339):
 garbage-first heap   total 242688K, used 78284K [0x00000000c0000000, 0x0000000100000000)
  region size 1024K, 0 young (0K), 0 survivors (0K)
 Metaspace       used 74984K, committed 75584K, reserved 1114112K
  class space    used 10250K, committed 10560K, reserved 1048576K
}
Event: 4795.030 GC heap before
{Heap before GC invocations=497 (full 339):
 garbage-first heap   total 242688K, used 78284K [0x00000000c0000000, 0x0000000100000000)
  region size 1024K, 1 young (1024K), 0 survivors (0K)
 Metaspace       used 74984K, committed 75584K, reserved 1114112K
  class space    used 10250K, committed 10560K, reserved 1048576K
}
Event: 4795.078 GC heap after
{Heap after GC invocations=498 (full 340):
 garbage-first heap   total 242688K, used 78284K [0x00000000c0000000, 0x0000000100000000)
  region size 1024K, 0 young (0K), 0 survivors (0K)
 Metaspace       used 74984K, committed 75584K, reserved 1114112K
  class space    used 10250K, committed 10560K, reserved 1048576K
}
Event: 4805.283 GC heap before
{Heap before GC invocations=498 (full 340):
 garbage-first heap   total 242688K, used 78284K [0x00000000c0000000, 0x0000000100000000)
  region size 1024K, 1 young (1024K), 0 survivors (0K)
 Metaspace       used 74984K, committed 75584K, reserved 1114112K
  class space    used 10250K, committed 10560K, reserved 1048576K
}
Event: 4805.330 GC heap after
{Heap after GC invocations=499 (full 341):
 garbage-first heap   total 242688K, used 78284K [0x00000000c0000000, 0x0000000100000000)
  region size 1024K, 0 young (0K), 0 survivors (0K)
 Metaspace       used 74984K, committed 75584K, reserved 1114112K
  class space    used 10250K, committed 10560K, reserved 1048576K
}
Event: 4815.513 GC heap before
{Heap before GC invocations=499 (full 341):
 garbage-first heap   total 242688K, used 78284K [0x00000000c0000000, 0x0000000100000000)
  region size 1024K, 1 young (1024K), 0 survivors (0K)
 Metaspace       used 74984K, committed 75584K, reserved 1114112K
  class space    used 10250K, committed 10560K, reserved 1048576K
}
Event: 4815.562 GC heap after
{Heap after GC invocations=500 (full 342):
 garbage-first heap   total 242688K, used 78284K [0x00000000c0000000, 0x0000000100000000)
  region size 1024K, 0 young (0K), 0 survivors (0K)
 Metaspace       used 74984K, committed 75584K, reserved 1114112K
  class space    used 10250K, committed 10560K, reserved 1048576K
}
Event: 4825.796 GC heap before
{Heap before GC invocations=500 (full 342):
 garbage-first heap   total 242688K, used 78284K [0x00000000c0000000, 0x0000000100000000)
  region size 1024K, 1 young (1024K), 0 survivors (0K)
 Metaspace       used 74984K, committed 75584K, reserved 1114112K
  class space    used 10250K, committed 10560K, reserved 1048576K
}
Event: 4825.847 GC heap after
{Heap after GC invocations=501 (full 343):
 garbage-first heap   total 242688K, used 78284K [0x00000000c0000000, 0x0000000100000000)
  region size 1024K, 0 young (0K), 0 survivors (0K)
 Metaspace       used 74984K, committed 75584K, reserved 1114112K
  class space    used 10250K, committed 10560K, reserved 1048576K
}
Event: 4836.040 GC heap before
{Heap before GC invocations=501 (full 343):
 garbage-first heap   total 242688K, used 78284K [0x00000000c0000000, 0x0000000100000000)
  region size 1024K, 1 young (1024K), 0 survivors (0K)
 Metaspace       used 74984K, committed 75584K, reserved 1114112K
  class space    used 10250K, committed 10560K, reserved 1048576K
}
Event: 4836.088 GC heap after
{Heap after GC invocations=502 (full 344):
 garbage-first heap   total 242688K, used 78284K [0x00000000c0000000, 0x0000000100000000)
  region size 1024K, 0 young (0K), 0 survivors (0K)
 Metaspace       used 74984K, committed 75584K, reserved 1114112K
  class space    used 10250K, committed 10560K, reserved 1048576K
}
Event: 4846.365 GC heap before
{Heap before GC invocations=502 (full 344):
 garbage-first heap   total 242688K, used 78284K [0x00000000c0000000, 0x0000000100000000)
  region size 1024K, 1 young (1024K), 0 survivors (0K)
 Metaspace       used 74984K, committed 75584K, reserved 1114112K
  class space    used 10250K, committed 10560K, reserved 1048576K
}
Event: 4846.416 GC heap after
{Heap after GC invocations=503 (full 345):
 garbage-first heap   total 242688K, used 78284K [0x00000000c0000000, 0x0000000100000000)
  region size 1024K, 0 young (0K), 0 survivors (0K)
 Metaspace       used 74984K, committed 75584K, reserved 1114112K
  class space    used 10250K, committed 10560K, reserved 1048576K
}
Event: 10761.077 GC heap before
{Heap before GC invocations=503 (full 345):
 garbage-first heap   total 242688K, used 78284K [0x00000000c0000000, 0x0000000100000000)
  region size 1024K, 1 young (1024K), 0 survivors (0K)
 Metaspace       used 74984K, committed 75584K, reserved 1114112K
  class space    used 10250K, committed 10560K, reserved 1048576K
}

Dll operation events (10 events):
Event: 0.027 Loaded shared library c:\Users\cust0\.vscode\extensions\redhat.java-1.21.0-win32-x64\jre\17.0.7-win32-x86_64\bin\java.dll
Event: 0.522 Loaded shared library C:\Users\cust0\.vscode\extensions\redhat.java-1.21.0-win32-x64\jre\17.0.7-win32-x86_64\bin\net.dll
Event: 0.528 Loaded shared library C:\Users\cust0\.vscode\extensions\redhat.java-1.21.0-win32-x64\jre\17.0.7-win32-x86_64\bin\nio.dll
Event: 0.545 Loaded shared library C:\Users\cust0\.vscode\extensions\redhat.java-1.21.0-win32-x64\jre\17.0.7-win32-x86_64\bin\zip.dll
Event: 2.974 Loaded shared library C:\Users\cust0\.vscode\extensions\redhat.java-1.21.0-win32-x64\jre\17.0.7-win32-x86_64\bin\jimage.dll
Event: 11.454 Loaded shared library C:\Users\cust0\.vscode\extensions\redhat.java-1.21.0-win32-x64\jre\17.0.7-win32-x86_64\bin\management.dll
Event: 11.459 Loaded shared library C:\Users\cust0\.vscode\extensions\redhat.java-1.21.0-win32-x64\jre\17.0.7-win32-x86_64\bin\management_ext.dll
Event: 13.464 Loaded shared library C:\Users\cust0\.vscode\extensions\redhat.java-1.21.0-win32-x64\jre\17.0.7-win32-x86_64\bin\sunmscapi.dll
Event: 29.457 Loaded shared library c:\Users\cust0\.vscode\extensions\redhat.java-1.21.0-win32-x64\jre\17.0.7-win32-x86_64\bin\verify.dll
Event: 39.887 Loaded shared library C:\Users\cust0\AppData\Local\Temp\snappy-1.1.10-e53922ee-2baa-4c24-84e0-028c0f38f493-snappyjava.dll

Deoptimization events (20 events):
Event: 107.502 Thread 0x000001b815ad2220 DEOPT PACKING pc=0x000001b80918c34c sp=0x00000096578fe400
Event: 107.502 Thread 0x000001b815ad2220 DEOPT UNPACKING pc=0x000001b808897143 sp=0x00000096578fd8e0 mode 0
Event: 107.502 Thread 0x000001b815ad2220 DEOPT PACKING pc=0x000001b80918738c sp=0x00000096578fe530
Event: 107.502 Thread 0x000001b815ad2220 DEOPT UNPACKING pc=0x000001b808897143 sp=0x00000096578fda98 mode 0
Event: 107.502 Thread 0x000001b815ad2220 DEOPT PACKING pc=0x000001b80918c34c sp=0x00000096578fe660
Event: 107.502 Thread 0x000001b815ad2220 DEOPT UNPACKING pc=0x000001b808897143 sp=0x00000096578fdb58 mode 0
Event: 107.503 Thread 0x000001b815ad2220 DEOPT PACKING pc=0x000001b80918738c sp=0x00000096578fe9d0
Event: 107.503 Thread 0x000001b815ad2220 DEOPT UNPACKING pc=0x000001b808897143 sp=0x00000096578fdf38 mode 0
Event: 107.503 Thread 0x000001b815ad2220 DEOPT PACKING pc=0x000001b80918c34c sp=0x00000096578feb00
Event: 107.503 Thread 0x000001b815ad2220 DEOPT UNPACKING pc=0x000001b808897143 sp=0x00000096578fdff8 mode 0
Event: 329.686 Thread 0x000001b8166a7770 DEOPT PACKING pc=0x000001b809d71836 sp=0x0000009654bfd370
Event: 329.686 Thread 0x000001b8166a7770 DEOPT UNPACKING pc=0x000001b808897143 sp=0x0000009654bfc868 mode 3
Event: 332.371 Thread 0x000001b815ad1d50 DEOPT PACKING pc=0x000001b809d56ba0 sp=0x0000009656dfda50
Event: 332.371 Thread 0x000001b815ad1d50 DEOPT UNPACKING pc=0x000001b808897143 sp=0x0000009656dfced0 mode 3
Event: 402.920 Thread 0x000001b815ad2bc0 DEOPT PACKING pc=0x000001b809d3ee66 sp=0x0000009656afe220
Event: 402.920 Thread 0x000001b815ad2bc0 DEOPT UNPACKING pc=0x000001b808897143 sp=0x0000009656afd6e0 mode 3
Event: 406.012 Thread 0x000001b815ad3090 DEOPT PACKING pc=0x000001b809ccb5a4 sp=0x00000096549fe7c0
Event: 406.012 Thread 0x000001b815ad3090 DEOPT UNPACKING pc=0x000001b808897143 sp=0x00000096549fdd10 mode 0
Event: 406.023 Thread 0x000001b815ad3090 DEOPT PACKING pc=0x000001b809cd2b99 sp=0x00000096549fe780
Event: 406.023 Thread 0x000001b815ad3090 DEOPT UNPACKING pc=0x000001b808897143 sp=0x00000096549fdd30 mode 3

Classes unloaded (20 events):
Event: 535.842 Thread 0x000001b8100e79b0 Unloading class 0x000000010042a000 'java/lang/invoke/LambdaForm$MH+0x000000010042a000'
Event: 535.842 Thread 0x000001b8100e79b0 Unloading class 0x0000000100510000 'java/lang/invoke/LambdaForm$MH+0x0000000100510000'
Event: 535.842 Thread 0x000001b8100e79b0 Unloading class 0x0000000100534000 'java/lang/invoke/LambdaForm$MH+0x0000000100534000'
Event: 535.842 Thread 0x000001b8100e79b0 Unloading class 0x0000000100578800 'java/lang/invoke/LambdaForm$MH+0x0000000100578800'
Event: 535.842 Thread 0x000001b8100e79b0 Unloading class 0x000000010008a400 'java/lang/invoke/LambdaForm$MH+0x000000010008a400'
Event: 597.463 Thread 0x000001b8100e79b0 Unloading class 0x000000010039dc00 'java/lang/invoke/LambdaForm$MH+0x000000010039dc00'
Event: 597.463 Thread 0x000001b8100e79b0 Unloading class 0x000000010039ec00 'java/lang/invoke/LambdaForm$MH+0x000000010039ec00'
Event: 597.463 Thread 0x000001b8100e79b0 Unloading class 0x00000001003a6400 'java/lang/invoke/LambdaForm$MH+0x00000001003a6400'
Event: 597.463 Thread 0x000001b8100e79b0 Unloading class 0x0000000100542800 'java/lang/invoke/LambdaForm$MH+0x0000000100542800'
Event: 597.463 Thread 0x000001b8100e79b0 Unloading class 0x0000000100624000 'java/lang/invoke/LambdaForm$MH+0x0000000100624000'
Event: 597.463 Thread 0x000001b8100e79b0 Unloading class 0x0000000100a4e800 'java/lang/invoke/LambdaForm$MH+0x0000000100a4e800'
Event: 597.463 Thread 0x000001b8100e79b0 Unloading class 0x0000000100088400 'java/lang/invoke/LambdaForm$MH+0x0000000100088400'
Event: 617.992 Thread 0x000001b8100e79b0 Unloading class 0x0000000100320400 'jdk/internal/reflect/GeneratedMethodAccessor65'
Event: 617.992 Thread 0x000001b8100e79b0 Unloading class 0x00000001003b8400 'jdk/internal/reflect/GeneratedMethodAccessor62'
Event: 617.992 Thread 0x000001b8100e79b0 Unloading class 0x0000000100090400 'jdk/internal/reflect/GeneratedConstructorAccessor70'
Event: 617.992 Thread 0x000001b8100e79b0 Unloading class 0x0000000100092000 'jdk/internal/reflect/GeneratedMethodAccessor61'
Event: 617.992 Thread 0x000001b8100e79b0 Unloading class 0x00000001003a8c00 'jdk/internal/reflect/GeneratedConstructorAccessor69'
Event: 617.992 Thread 0x000001b8100e79b0 Unloading class 0x00000001004f8c00 'jdk/internal/reflect/GeneratedMethodAccessor60'
Event: 617.992 Thread 0x000001b8100e79b0 Unloading class 0x0000000100540c00 'jdk/internal/reflect/GeneratedMethodAccessor59'
Event: 617.992 Thread 0x000001b8100e79b0 Unloading class 0x0000000100541000 'jdk/internal/reflect/GeneratedMethodAccessor58'

Classes redefined (0 events):
No events

Internal exceptions (20 events):
Event: 419.560 Thread 0x000001b815ad13b0 Exception <a 'sun/nio/fs/WindowsException'{0x00000000e4fed3d8}> (0x00000000e4fed3d8) 
thrown [s\src\hotspot\share\prims\jni.cpp, line 516]
Event: 419.561 Thread 0x000001b815ad13b0 Exception <a 'sun/nio/fs/WindowsException'{0x00000000e4fed6b8}> (0x00000000e4fed6b8) 
thrown [s\src\hotspot\share\prims\jni.cpp, line 516]
Event: 419.562 Thread 0x000001b815ad13b0 Exception <a 'sun/nio/fs/WindowsException'{0x00000000e4e0ef78}> (0x00000000e4e0ef78) 
thrown [s\src\hotspot\share\prims\jni.cpp, line 516]
Event: 419.562 Thread 0x000001b815ad13b0 Exception <a 'sun/nio/fs/WindowsException'{0x00000000e4e0f238}> (0x00000000e4e0f238) 
thrown [s\src\hotspot\share\prims\jni.cpp, line 516]
Event: 419.562 Thread 0x000001b815ad13b0 Exception <a 'sun/nio/fs/WindowsException'{0x00000000e4e10630}> (0x00000000e4e10630) 
thrown [s\src\hotspot\share\prims\jni.cpp, line 516]
Event: 419.562 Thread 0x000001b815ad13b0 Exception <a 'sun/nio/fs/WindowsException'{0x00000000e4e108f0}> (0x00000000e4e108f0) 
thrown [s\src\hotspot\share\prims\jni.cpp, line 516]
Event: 419.563 Thread 0x000001b815ad13b0 Exception <a 'sun/nio/fs/WindowsException'{0x00000000e4e159c0}> (0x00000000e4e159c0) 
thrown [s\src\hotspot\share\prims\jni.cpp, line 516]
Event: 419.563 Thread 0x000001b815ad13b0 Exception <a 'sun/nio/fs/WindowsException'{0x00000000e4e15c90}> (0x00000000e4e15c90) 
thrown [s\src\hotspot\share\prims\jni.cpp, line 516]
Event: 751.189 Thread 0x000001b8166a08c0 Exception <a 'sun/nio/fs/WindowsException'{0x00000000d0014108}> (0x00000000d0014108) 
thrown [s\src\hotspot\share\prims\jni.cpp, line 516]
Event: 751.190 Thread 0x000001b8166a08c0 Exception <a 'sun/nio/fs/WindowsException'{0x00000000d0014ea0}> (0x00000000d0014ea0) 
thrown [s\src\hotspot\share\prims\jni.cpp, line 516]
Event: 751.620 Thread 0x000001b8166a08c0 Exception <a 'sun/nio/fs/WindowsException'{0x00000000cf004048}> (0x00000000cf004048) 
thrown [s\src\hotspot\share\prims\jni.cpp, line 516]
Event: 2000.558 Thread 0x000001b8166a4280 Exception <a 'sun/nio/fs/WindowsException'{0x00000000cea062b8}> (0x00000000cea062b8) 
thrown [s\src\hotspot\share\prims\jni.cpp, line 516]
Event: 2000.560 Thread 0x000001b8166a4280 Exception <a 'sun/nio/fs/WindowsException'{0x00000000cea07050}> (0x00000000cea07050) 
thrown [s\src\hotspot\share\prims\jni.cpp, line 516]
Event: 2001.428 Thread 0x000001b8166a4280 Exception <a 'sun/nio/fs/WindowsException'{0x00000000ce3d5988}> (0x00000000ce3d5988) 
thrown [s\src\hotspot\share\prims\jni.cpp, line 516]
Event: 2445.535 Thread 0x000001b8166a6900 Exception <a 'sun/nio/fs/WindowsException'{0x00000000cea066f0}> (0x00000000cea066f0) 
thrown [s\src\hotspot\share\prims\jni.cpp, line 516]
Event: 2445.536 Thread 0x000001b8166a6900 Exception <a 'sun/nio/fs/WindowsException'{0x00000000cea07488}> (0x00000000cea07488) 
thrown [s\src\hotspot\share\prims\jni.cpp, line 516]
Event: 2446.280 Thread 0x000001b8166a6900 Exception <a 'sun/nio/fs/WindowsException'{0x00000000ce305e80}> (0x00000000ce305e80) 
thrown [s\src\hotspot\share\prims\jni.cpp, line 516]
Event: 3004.824 Thread 0x000001b8166a6900 Exception <a 'sun/nio/fs/WindowsException'{0x00000000cea06480}> (0x00000000cea06480) 
thrown [s\src\hotspot\share\prims\jni.cpp, line 516]
Event: 3004.825 Thread 0x000001b8166a6900 Exception <a 'sun/nio/fs/WindowsException'{0x00000000cea07218}> (0x00000000cea07218) 
thrown [s\src\hotspot\share\prims\jni.cpp, line 516]
Event: 3005.462 Thread 0x000001b8166a6900 Exception <a 'sun/nio/fs/WindowsException'{0x00000000ce304048}> (0x00000000ce304048) 
thrown [s\src\hotspot\share\prims\jni.cpp, line 516]

VM Operations (20 events):
Event: 4754.021 Executing VM operation: G1CollectFull done
Event: 4764.217 Executing VM operation: G1CollectFull
Event: 4764.265 Executing VM operation: G1CollectFull done
Event: 4774.494 Executing VM operation: G1CollectFull
Event: 4774.541 Executing VM operation: G1CollectFull done
Event: 4784.760 Executing VM operation: G1CollectFull
Event: 4784.809 Executing VM operation: G1CollectFull done
Event: 4795.030 Executing VM operation: G1CollectFull
Event: 4795.078 Executing VM operation: G1CollectFull done
Event: 4805.282 Executing VM operation: G1CollectFull
Event: 4805.331 Executing VM operation: G1CollectFull done
Event: 4815.513 Executing VM operation: G1CollectFull
Event: 4815.562 Executing VM operation: G1CollectFull done
Event: 4825.796 Executing VM operation: G1CollectFull
Event: 4825.847 Executing VM operation: G1CollectFull done
Event: 4836.040 Executing VM operation: G1CollectFull
Event: 4836.088 Executing VM operation: G1CollectFull done
Event: 4846.365 Executing VM operation: G1CollectFull
Event: 4846.416 Executing VM operation: G1CollectFull done
Event: 10761.077 Executing VM operation: G1CollectFull

Events (20 events):
Event: 2523.608 Thread 0x000001b8166a72a0 Thread exited: 0x000001b8166a72a0
Event: 2559.220 Thread 0x000001b8166a6900 Thread added: 0x000001b8166a6900
Event: 2581.630 Thread 0x000001b8166a6dd0 Thread exited: 0x000001b8166a6dd0
Event: 2625.340 Thread 0x000001b8166a6900 Thread exited: 0x000001b8166a6900
Event: 2763.551 Thread 0x000001b8166a6900 Thread added: 0x000001b8166a6900
Event: 2823.558 Thread 0x000001b8166a6900 Thread exited: 0x000001b8166a6900
Event: 2840.598 Thread 0x000001b8166a1260 Thread added: 0x000001b8166a1260
Event: 2840.599 Thread 0x000001b8166a72a0 Thread added: 0x000001b8166a72a0
Event: 2948.918 Thread 0x000001b8166a1260 Thread exited: 0x000001b8166a1260
Event: 2949.451 Thread 0x000001b8166a72a0 Thread exited: 0x000001b8166a72a0
Event: 3002.215 Thread 0x000001b8166a6900 Thread added: 0x000001b8166a6900
Event: 3002.217 Thread 0x000001b8166a6dd0 Thread added: 0x000001b8166a6dd0
Event: 3005.069 Thread 0x000001b8166a4280 Thread added: 0x000001b8166a4280
Event: 3005.093 Thread 0x000001b81669ff20 Thread added: 0x000001b81669ff20
Event: 3005.264 Thread 0x000001b8166a72a0 Thread added: 0x000001b8166a72a0
Event: 3065.330 Thread 0x000001b8166a72a0 Thread exited: 0x000001b8166a72a0
Event: 3065.583 Thread 0x000001b8166a6900 Thread exited: 0x000001b8166a6900
Event: 3065.583 Thread 0x000001b81669ff20 Thread exited: 0x000001b81669ff20
Event: 3065.583 Thread 0x000001b8166a6dd0 Thread exited: 0x000001b8166a6dd0
Event: 3125.594 Thread 0x000001b8166a4280 Thread exited: 0x000001b8166a4280


Dynamic libraries:
0x00007ff71cbf0000 - 0x00007ff71cbfe000 	c:\Users\cust0\.vscode\extensions\redhat.java-1.21.0-win32-x64\jre\17.0.7-win32-x86_64\bin\java.exe
0x00007ffa64bf0000 - 0x00007ffa64de8000 	C:\WINDOWS\SYSTEM32\ntdll.dll
0x00007ffa64680000 - 0x00007ffa6473f000 	C:\WINDOWS\System32\KERNEL32.DLL
0x00007ffa62380000 - 0x00007ffa62676000 	C:\WINDOWS\System32\KERNELBASE.dll
0x00007ffa62680000 - 0x00007ffa62780000 	C:\WINDOWS\System32\ucrtbase.dll
0x00007ffa49dd0000 - 0x00007ffa49de7000 	c:\Users\cust0\.vscode\extensions\redhat.java-1.21.0-win32-x64\jre\17.0.7-win32-x86_64\bin\jli.dll
0x00007ffa62cb0000 - 0x00007ffa62e4d000 	C:\WINDOWS\System32\USER32.dll
0x00007ffa62a10000 - 0x00007ffa62a32000 	C:\WINDOWS\System32\win32u.dll
0x00007ffa63ae0000 - 0x00007ffa63b0c000 	C:\WINDOWS\System32\GDI32.dll
0x00007ffa436a0000 - 0x00007ffa436b9000 	c:\Users\cust0\.vscode\extensions\redhat.java-1.21.0-win32-x64\jre\17.0.7-win32-x86_64\bin\VCRUNTIME140.dll
0x00007ffa62ab0000 - 0x00007ffa62bc5000 	C:\WINDOWS\System32\gdi32full.dll
0x00007ffa62780000 - 0x00007ffa6281d000 	C:\WINDOWS\System32\msvcp_win.dll
0x00007ffa4cc30000 - 0x00007ffa4ceca000 	C:\WINDOWS\WinSxS\amd64_microsoft.windows.common-controls_6595b64144ccf1df_6.0.19041.1110_none_60b5254171f9507e\COMCTL32.dll
0x00007ffa63b10000 - 0x00007ffa63bae000 	C:\WINDOWS\System32\msvcrt.dll
0x00007ffa630b0000 - 0x00007ffa630e0000 	C:\WINDOWS\System32\IMM32.DLL
0x00007ffa4daf0000 - 0x00007ffa4dafc000 	c:\Users\cust0\.vscode\extensions\redhat.java-1.21.0-win32-x64\jre\17.0.7-win32-x86_64\bin\vcruntime140_1.dll
0x00007ffa349c0000 - 0x00007ffa34a51000 	c:\Users\cust0\.vscode\extensions\redhat.java-1.21.0-win32-x64\jre\17.0.7-win32-x86_64\bin\msvcp140.dll
0x00007ffa14bc0000 - 0x00007ffa15808000 	c:\Users\cust0\.vscode\extensions\redhat.java-1.21.0-win32-x64\jre\17.0.7-win32-x86_64\bin\server\jvm.dll
0x00007ffa63c20000 - 0x00007ffa63ccf000 	C:\WINDOWS\System32\ADVAPI32.dll
0x00007ffa63920000 - 0x00007ffa639bc000 	C:\WINDOWS\System32\sechost.dll
0x00007ffa631c0000 - 0x00007ffa632e6000 	C:\WINDOWS\System32\RPCRT4.dll
0x00007ffa50890000 - 0x00007ffa508b7000 	C:\WINDOWS\SYSTEM32\WINMM.dll
0x00007ffa5c920000 - 0x00007ffa5c92a000 	C:\WINDOWS\SYSTEM32\VERSION.dll
0x00007ffa4a1e0000 - 0x00007ffa4a1e9000 	C:\WINDOWS\SYSTEM32\WSOCK32.dll
0x00007ffa63bb0000 - 0x00007ffa63c1b000 	C:\WINDOWS\System32\WS2_32.dll
0x00007ffa601a0000 - 0x00007ffa601b2000 	C:\WINDOWS\SYSTEM32\kernel.appcore.dll
0x00007ffa4d900000 - 0x00007ffa4d90a000 	c:\Users\cust0\.vscode\extensions\redhat.java-1.21.0-win32-x64\jre\17.0.7-win32-x86_64\bin\jimage.dll
0x00007ffa4e230000 - 0x00007ffa4e414000 	C:\WINDOWS\SYSTEM32\DBGHELP.DLL
0x00007ffa49aa0000 - 0x00007ffa49ad4000 	C:\WINDOWS\SYSTEM32\dbgcore.DLL
0x00007ffa62980000 - 0x00007ffa62a02000 	C:\WINDOWS\System32\bcryptPrimitives.dll
0x00007ffa42a50000 - 0x00007ffa42a75000 	c:\Users\cust0\.vscode\extensions\redhat.java-1.21.0-win32-x64\jre\17.0.7-win32-x86_64\bin\java.dll
0x00007ffa3b240000 - 0x00007ffa3b258000 	c:\Users\cust0\.vscode\extensions\redhat.java-1.21.0-win32-x64\jre\17.0.7-win32-x86_64\bin\zip.dll
0x00007ffa63cd0000 - 0x00007ffa64414000 	C:\WINDOWS\System32\SHELL32.dll
0x00007ffa603a0000 - 0x00007ffa60b33000 	C:\WINDOWS\SYSTEM32\windows.storage.dll
0x00007ffa647f0000 - 0x00007ffa64b44000 	C:\WINDOWS\System32\combase.dll
0x00007ffa61c40000 - 0x00007ffa61c6e000 	C:\WINDOWS\SYSTEM32\Wldp.dll
0x00007ffa62f30000 - 0x00007ffa62fdd000 	C:\WINDOWS\System32\SHCORE.dll
0x00007ffa62c50000 - 0x00007ffa62ca5000 	C:\WINDOWS\System32\shlwapi.dll
0x00007ffa62210000 - 0x00007ffa6222f000 	C:\WINDOWS\SYSTEM32\profapi.dll
0x00007ffa391a0000 - 0x00007ffa391b9000 	C:\Users\cust0\.vscode\extensions\redhat.java-1.21.0-win32-x64\jre\17.0.7-win32-x86_64\bin\net.dll
0x00007ffa5c350000 - 0x00007ffa5c45a000 	C:\WINDOWS\SYSTEM32\WINHTTP.dll
0x00007ffa619a0000 - 0x00007ffa61a0a000 	C:\WINDOWS\system32\mswsock.dll
0x00007ffa38620000 - 0x00007ffa38635000 	C:\Users\cust0\.vscode\extensions\redhat.java-1.21.0-win32-x64\jre\17.0.7-win32-x86_64\bin\nio.dll
0x00007ffa61ba0000 - 0x00007ffa61bb8000 	C:\WINDOWS\SYSTEM32\CRYPTSP.dll
0x00007ffa612c0000 - 0x00007ffa612f4000 	C:\WINDOWS\system32\rsaenh.dll
0x00007ffa62bd0000 - 0x00007ffa62bf7000 	C:\WINDOWS\System32\bcrypt.dll
0x00007ffa621d0000 - 0x00007ffa621fe000 	C:\WINDOWS\SYSTEM32\USERENV.dll
0x00007ffa61b90000 - 0x00007ffa61b9c000 	C:\WINDOWS\SYSTEM32\CRYPTBASE.dll
0x00007ffa61690000 - 0x00007ffa616cc000 	C:\WINDOWS\SYSTEM32\IPHLPAPI.DLL
0x00007ffa645b0000 - 0x00007ffa645b8000 	C:\WINDOWS\System32\NSI.dll
0x00007ffa5ce10000 - 0x00007ffa5ce27000 	C:\WINDOWS\SYSTEM32\dhcpcsvc6.DLL
0x00007ffa5cdf0000 - 0x00007ffa5ce0d000 	C:\WINDOWS\SYSTEM32\dhcpcsvc.DLL
0x00007ffa616d0000 - 0x00007ffa6179a000 	C:\WINDOWS\SYSTEM32\DNSAPI.dll
0x00007ffa5dc00000 - 0x00007ffa5dc09000 	C:\Users\cust0\.vscode\extensions\redhat.java-1.21.0-win32-x64\jre\17.0.7-win32-x86_64\bin\management.dll
0x00007ffa42a10000 - 0x00007ffa42a1b000 	C:\Users\cust0\.vscode\extensions\redhat.java-1.21.0-win32-x64\jre\17.0.7-win32-x86_64\bin\management_ext.dll
0x00007ffa64670000 - 0x00007ffa64678000 	C:\WINDOWS\System32\PSAPI.DLL
0x00007ffa35010000 - 0x00007ffa3501e000 	C:\Users\cust0\.vscode\extensions\redhat.java-1.21.0-win32-x64\jre\17.0.7-win32-x86_64\bin\sunmscapi.dll
0x00007ffa62820000 - 0x00007ffa6297e000 	C:\WINDOWS\System32\CRYPT32.dll
0x00007ffa61cb0000 - 0x00007ffa61cd8000 	C:\WINDOWS\SYSTEM32\ncrypt.dll
0x00007ffa61c70000 - 0x00007ffa61cab000 	C:\WINDOWS\SYSTEM32\NTASN1.dll
0x00007ffa58040000 - 0x00007ffa5804a000 	C:\Windows\System32\rasadhlp.dll
0x00007ffa51060000 - 0x00007ffa510e2000 	C:\WINDOWS\System32\fwpuclnt.dll
0x00007ffa43e70000 - 0x00007ffa43e80000 	c:\Users\cust0\.vscode\extensions\redhat.java-1.21.0-win32-x64\jre\17.0.7-win32-x86_64\bin\verify.dll
0x0000000070fc0000 - 0x000000007108d000 	C:\Users\cust0\AppData\Local\Temp\snappy-1.1.10-e53922ee-2baa-4c24-84e0-028c0f38f493-snappyjava.dll

dbghelp: loaded successfully - version: 4.0.5 - missing functions: none
symbol engine: initialized successfully - sym options: 0x614 - pdb path: .;c:\Users\cust0\.vscode\extensions\redhat.java-1.21.0-win32-x64\jre\17.0.7-win32-x86_64\bin;C:\WINDOWS\SYSTEM32;C:\WINDOWS\WinSxS\amd64_microsoft.windows.common-controls_6595b64144ccf1df_6.0.19041.1110_none_60b5254171f9507e;c:\Users\cust0\.vscode\extensions\redhat.java-1.21.0-win32-x64\jre\17.0.7-win32-x86_64\bin\server;C:\Users\cust0\AppData\Local\Temp

VM Arguments:
jvm_args: -XX:+HeapDumpOnOutOfMemoryError -Xmx1024m -Dsts.lsp.client=vscode -Dsts.log.file=/dev/null -XX:TieredStopAtLevel=1 -Xlog:jni+resolve=off -Dspring.config.location=file:c:\Users\cust0\.vscode\extensions\vmware.vscode-spring-boot-1.48.0\language-server\BOOT-INF\classes\application.properties 
java_command: org.springframework.ide.vscode.boot.app.BootLanguageServerBootApp
java_class_path (initial): c:\Users\cust0\.vscode\extensions\vmware.vscode-spring-boot-1.48.0\language-server\BOOT-INF\classes;c:\Users\cust0\.vscode\extensions\vmware.vscode-spring-boot-1.48.0\language-server\BOOT-INF\lib\annotations-24.0.1.jar;c:\Users\cust0\.vscode\extensions\vmware.vscode-spring-boot-1.48.0\language-server\BOOT-INF\lib\antlr-runtime-3.5.3.jar;c:\Users\cust0\.vscode\extensions\vmware.vscode-spring-boot-1.48.0\language-server\BOOT-INF\lib\antlr4-4.11.1.jar;c:\Users\cust0\.vscode\extensions\vmware.vscode-spring-boot-1.48.0\language-server\BOOT-INF\lib\antlr4-runtime-4.11.1.jar;c:\Users\cust0\.vscode\extensions\vmware.vscode-spring-boot-1.48.0\language-server\BOOT-INF\lib\archunit-1.0.1.jar;c:\Users\cust0\.vscode\extensions\vmware.vscode-spring-boot-1.48.0\language-server\BOOT-INF\lib\asm-9.5.jar;c:\Users\cust0\.vscode\extensions\vmware.vscode-spring-boot-1.48.0\language-server\BOOT-INF\lib\asm-analysis-9.5.jar;c:\Users\cust0\.vscode\extensions\vmware.vscode-spring-boot-1.48.0\language-server\BOOT-INF\lib\asm-tree-9.5.jar;c:\Users\cust0\.vscode\extensions\vmware.vscode-spring-boot-1.48.0\language-server\BOOT-INF\lib\asm-util-9.5.jar;c:\Users\cust0\.vscode\extensions\vmware.vscode-spring-boot-1.48.0\language-server\BOOT-INF\lib\bosh-language-server-1.48.0-SNAPSHOT.jar;c:\Users\cust0\.vscode\extensions\vmware.vscode-spring-boot-1.48.0\language-server\BOOT-INF\lib\caffeine-3.1.6.jar;c:\Users\cust0\.vscode\extensions\vmware.vscode-spring-boot-1.48.0\language-server\BOOT-INF\lib\checker-qual-3.12.0.jar;c:\Users\cust0\.vscode\extensions\vmware.vscode-spring-boot-1.48.0\language-server\BOOT-INF\lib\classgraph-4.8.149.jar;c:\Users\cust0\.vscode\extensions\vmware.vscode-spring-boot-1.48.0\language-server\BOOT-INF\lib\commons-codec-1.15.jar;c:\Users\cust0\.vscode\extensions\vmware.vscode-spring-boot-1.48.0\language-server\BOOT-INF\lib\commons-compress-1.23.0.jar;c:\Users\cust0\.vscode\extensions\vmware.vscode-spring-boot-1.48.0\language-server\BOOT-INF\lib\
Launcher Type: SUN_STANDARD

[Global flags]
     intx CICompilerCount                          = 3                                         {product} {ergonomic}
     uint ConcGCThreads                            = 1                                         {product} {ergonomic}
     uint G1ConcRefinementThreads                  = 4                                         {product} {ergonomic}
   size_t G1HeapRegionSize                         = 1048576                                   {product} {ergonomic}
    uintx GCDrainStackTargetSize                   = 64                                        {product} {ergonomic}
     bool HeapDumpOnOutOfMemoryError               = true                                   {manageable} {command line}
   size_t InitialHeapSize                          = 134217728                                 {product} {ergonomic}
   size_t MarkStackSize                            = 4194304                                   {product} {ergonomic}
   size_t MaxHeapSize                              = 1073741824                                {product} {command line}
   size_t MaxNewSize                               = 643825664                                 {product} {ergonomic}
   size_t MinHeapDeltaBytes                        = 1048576                                   {product} {ergonomic}
   size_t MinHeapSize                              = 8388608                                   {product} {ergonomic}
    uintx NonProfiledCodeHeapSize                  = 0                                      {pd product} {ergonomic}
     bool ProfileInterpreter                       = false                                  {pd product} {command line}
    uintx ProfiledCodeHeapSize                     = 0                                      {pd product} {ergonomic}
   size_t SoftMaxHeapSize                          = 1073741824                             {manageable} {ergonomic}
     intx TieredStopAtLevel                        = 1                                         {product} {command line}
     bool UseCompressedClassPointers               = true                           {product lp64_product} {ergonomic}
     bool UseCompressedOops                        = true                           {product lp64_product} {ergonomic}
     bool UseG1GC                                  = true                                      {product} {ergonomic}
     bool UseLargePagesIndividualAllocation        = false                                  {pd product} {ergonomic}

Logging:
Log output configuration:
 #0: stdout all=warning,jni+resolve=off uptime,level,tags
 #1: stderr all=off uptime,level,tags

Environment Variables:
JAVA_HOME=C:\dev\jdk-17.0.2
PATH=C:\Program Files\Common Files\Oracle\Java\javapath;C:\Program Files (x86)\Common Files\Oracle\Java\javapath;C:\WINDOWS\system32;C:\WINDOWS;C:\WINDOWS\System32\Wbem;C:\WINDOWS\System32\WindowsPowerShell\v1.0\;C:\WINDOWS\System32\OpenSSH\;C:\dev\jdk-17.0.2\bin;C:\Program Files\Bandizip\;C:\Program Files\nodejs\;C:\dev\Git\cmd;C:\Program Files\MySQL\MySQL Shell 8.0\bin\;C:\Users\cust0\AppData\Local\Microsoft\WindowsApps;;D:\Microsoft VS Code\bin;C:\Users\cust0\AppData\Roaming\npm
USERNAME=cust0
OS=Windows_NT
PROCESSOR_IDENTIFIER=Intel64 Family 6 Model 60 Stepping 3, GenuineIntel
TMP=C:\Users\cust0\AppData\Local\Temp
TEMP=C:\Users\cust0\AppData\Local\Temp



---------------  S Y S T E M  ---------------

OS:
 Windows 10 , 64 bit Build 19041 (10.0.19041.3031)
OS uptime: 0 days 15:48 hours

CPU: total 4 (initial active 4) (4 cores per cpu, 1 threads per core) family 6 model 60 stepping 3 microcode 0x27, cx8, cmov, fxsr, mmx, sse, sse2, sse3, ssse3, sse4.1, sse4.2, popcnt, lzcnt, tsc, tscinvbit, avx, avx2, aes, erms, clmul, bmi1, bmi2, fma, vzeroupper, clflush

Memory: 4k page, system-wide physical 8068M (2563M free)
TotalPageFile size 13956M (AvailPageFile size 4117M)
current process WorkingSet (physical memory assigned to process): 380M, peak: 1208M
current process commit charge ("private bytes"): 452M, peak: 1174M

vm_info: OpenJDK 64-Bit Server VM (17.0.7+7) for windows-amd64 JRE (17.0.7+7), built on Apr 18 2023 22:10:42 by "temurin" with MS VC++ 16.7 (VS2019)

END.
